[2026-02-21 23:32:52] [unknown → error_404] HTTP 404
[2026-02-21 23:32:54] [error_404 → error_404] HTTP 404
[2026-02-21 23:33:18] [unknown → ok] HTTP 200
[2026-02-21 23:33:24] [ok → ok] HTTP 200
[2026-02-21 23:38:25] [ok → ok] HTTP 200
[2026-02-21 23:43:28] [ok → ok] HTTP 200
[2026-02-21 23:48:29] [ok → ok] HTTP 200
[2026-02-21 23:53:31] [ok → ok] HTTP 200
[2026-02-21 23:58:33] [ok → ok] HTTP 200
[2026-02-22 00:03:34] [ok → ok] HTTP 200
[2026-02-22 00:08:36] [ok → ok] HTTP 200
[2026-02-22 00:13:37] [ok → ok] HTTP 200
[2026-02-22 00:18:38] [ok → ok] HTTP 200
[2026-02-22 00:23:40] [ok → ok] HTTP 200
[2026-02-22 00:28:42] [ok → ok] HTTP 200
[2026-02-22 00:33:43] [ok → ok] HTTP 200
[2026-02-22 00:38:45] [ok → ok] HTTP 200
[2026-02-22 00:43:46] [ok → ok] HTTP 200
[2026-02-22 00:48:47] [ok → ok] HTTP 200
[2026-02-22 00:53:49] [ok → ok] HTTP 200
[2026-02-22 00:58:50] [ok → ok] HTTP 200
[2026-02-22 01:03:51] [ok → ok] HTTP 200
[2026-02-22 01:08:53] [ok → ok] HTTP 200
[2026-02-22 01:13:54] [ok → ok] HTTP 200
[2026-02-22 01:18:55] [ok → ok] HTTP 200
[2026-02-22 01:23:57] [ok → ok] HTTP 200
[2026-02-22 01:28:58] [ok → ok] HTTP 200
[2026-02-22 01:33:59] [ok → ok] HTTP 200
[2026-02-22 01:39:01] [ok → ok] HTTP 200
[2026-02-22 01:44:02] [ok → ok] HTTP 200
[2026-02-22 01:49:03] [ok → ok] HTTP 200
[2026-02-22 01:54:05] [ok → ok] HTTP 200
[2026-02-22 01:59:06] [ok → ok] HTTP 200
[2026-02-22 02:04:07] [ok → ok] HTTP 200
[2026-02-22 02:09:09] [ok → ok] HTTP 200
[2026-02-22 02:14:10] [ok → ok] HTTP 200
[2026-02-22 02:19:12] [ok → ok] HTTP 200
[2026-02-22 02:24:13] [ok → ok] HTTP 200
[2026-02-22 02:29:15] [ok → ok] HTTP 200
[2026-02-22 02:34:16] [ok → ok] HTTP 200
[2026-02-22 02:39:18] [ok → ok] HTTP 200
[2026-02-22 02:44:19] [ok → ok] HTTP 200
[2026-02-22 02:49:20] [ok → ok] HTTP 200
[2026-02-22 02:54:22] [ok → ok] HTTP 200
[2026-02-22 02:59:23] [ok → ok] HTTP 200
[2026-02-22 03:04:24] [ok → ok] HTTP 200
[2026-02-22 03:09:26] [ok → ok] HTTP 200
[2026-02-22 03:14:27] [ok → ok] HTTP 200
[2026-02-22 03:19:28] [ok → ok] HTTP 200
[2026-02-22 03:24:30] [ok → ok] HTTP 200
[2026-02-22 03:29:31] [ok → ok] HTTP 200
[2026-02-22 03:34:32] [ok → ok] HTTP 200
[2026-02-22 03:39:34] [ok → ok] HTTP 200
[2026-02-22 03:44:35] [ok → ok] HTTP 200
[2026-02-22 03:49:36] [ok → ok] HTTP 200
[2026-02-22 03:54:38] [ok → ok] HTTP 200
[2026-02-22 03:59:39] [ok → ok] HTTP 200
[2026-02-22 04:04:41] [ok → ok] HTTP 200
[2026-02-22 04:09:42] [ok → ok] HTTP 200
[2026-02-22 04:14:44] [ok → ok] HTTP 200
[2026-02-22 04:19:45] [ok → ok] HTTP 200
[2026-02-22 04:24:46] [ok → ok] HTTP 200
[2026-02-22 04:29:47] [ok → ok] HTTP 200
[2026-02-22 04:34:49] [ok → ok] HTTP 200
[2026-02-22 04:39:50] [ok → ok] HTTP 200
[2026-02-22 04:44:51] [ok → ok] HTTP 200
[2026-02-22 04:49:53] [ok → ok] HTTP 200
[2026-02-22 04:54:54] [ok → ok] HTTP 200
[2026-02-22 04:59:56] [ok → ok] HTTP 200
[2026-02-22 05:04:57] [ok → ok] HTTP 200
[2026-02-22 05:09:59] [ok → ok] HTTP 200
[2026-02-22 05:15:00] [ok → ok] HTTP 200
[2026-02-22 05:20:01] [ok → ok] HTTP 200
[2026-02-22 05:25:03] [ok → ok] HTTP 200
[2026-02-22 05:30:04] [ok → ok] HTTP 200
[2026-02-22 05:35:05] [ok → ok] HTTP 200
[2026-02-22 05:40:07] [ok → ok] HTTP 200
[2026-02-22 05:45:08] [ok → ok] HTTP 200
[2026-02-22 05:50:09] [ok → ok] HTTP 200
[2026-02-22 05:55:11] [ok → ok] HTTP 200
[2026-02-22 06:00:12] [ok → ok] HTTP 200
[2026-02-22 06:05:14] [ok → ok] HTTP 200
[2026-02-22 06:10:15] [ok → ok] HTTP 200
[2026-02-22 06:15:16] [ok → ok] HTTP 200
[2026-02-22 06:20:18] [ok → ok] HTTP 200
[2026-02-22 06:25:19] [ok → ok] HTTP 200
[2026-02-22 06:30:20] [ok → ok] HTTP 200
[2026-02-22 06:35:22] [ok → ok] HTTP 200
[2026-02-22 06:40:23] [ok → ok] HTTP 200
[2026-02-22 06:45:24] [ok → ok] HTTP 200
[2026-02-22 06:50:26] [ok → ok] HTTP 200
[2026-02-22 06:55:28] [ok → ok] HTTP 200
[2026-02-22 07:00:29] [ok → ok] HTTP 200
[2026-02-22 07:05:30] [ok → ok] HTTP 200
[2026-02-22 07:10:32] [ok → ok] HTTP 200
[2026-02-22 07:15:33] [ok → ok] HTTP 200
[2026-02-22 07:20:35] [ok → ok] HTTP 200
[2026-02-22 07:25:36] [ok → ok] HTTP 200
[2026-02-22 07:30:38] [ok → ok] HTTP 200
[2026-02-22 07:35:39] [ok → ok] HTTP 200
[2026-02-22 07:40:40] [ok → ok] HTTP 200
[2026-02-22 07:45:42] [ok → ok] HTTP 200
[2026-02-22 07:50:43] [ok → ok] HTTP 200
[2026-02-22 07:55:44] [ok → ok] HTTP 200
[2026-02-22 08:00:46] [ok → ok] HTTP 200
[2026-02-22 08:05:47] [ok → ok] HTTP 200
[2026-02-22 08:10:48] [ok → ok] HTTP 200
[2026-02-22 08:15:50] [ok → ok] HTTP 200
[2026-02-22 08:20:51] [ok → ok] HTTP 200
[2026-02-22 08:25:53] [ok → ok] HTTP 200
[2026-02-22 08:30:54] [ok → ok] HTTP 200
[2026-02-22 08:35:55] [ok → ok] HTTP 200
[2026-02-22 08:40:57] [ok → ok] HTTP 200
[2026-02-22 08:45:59] [ok → ok] HTTP 200
[2026-02-22 08:51:00] [ok → ok] HTTP 200
[2026-02-22 08:56:01] [ok → ok] HTTP 200
[2026-02-22 09:01:03] [ok → ok] HTTP 200
[2026-02-22 09:06:04] [ok → ok] HTTP 200
[2026-02-22 09:11:06] [ok → ok] HTTP 200
[2026-02-22 09:16:07] [ok → ok] HTTP 200
[2026-02-22 09:21:09] [ok → ok] HTTP 200
[2026-02-22 09:26:11] [ok → ok] HTTP 200
[2026-02-22 09:31:12] [ok → ok] HTTP 200
[2026-02-22 09:36:13] [ok → ok] HTTP 200
[2026-02-22 09:41:14] [ok → ok] HTTP 200
[2026-02-22 09:46:16] [ok → ok] HTTP 200
[2026-02-22 09:51:18] [ok → ok] HTTP 200
[2026-02-22 09:56:21] [ok → ok] HTTP 200
[2026-02-22 10:01:22] [ok → ok] HTTP 200
[2026-02-22 10:06:23] [ok → ok] HTTP 200
[2026-02-22 10:11:25] [ok → ok] HTTP 200
[2026-02-22 10:16:26] [ok → ok] HTTP 200
[2026-02-22 10:21:27] [ok → ok] HTTP 200
[2026-02-22 10:26:29] [ok → ok] HTTP 200
[2026-02-22 10:31:30] [ok → ok] HTTP 200
[2026-02-22 10:36:31] [ok → ok] HTTP 200
[2026-02-22 10:41:33] [ok → ok] HTTP 200
[2026-02-22 10:46:34] [ok → ok] HTTP 200
[2026-02-22 10:51:35] [ok → ok] HTTP 200
[2026-02-22 10:56:37] [ok → ok] HTTP 200
[2026-02-22 11:01:38] [ok → ok] HTTP 200
[2026-02-22 11:06:40] [ok → ok] HTTP 200
[2026-02-22 11:11:41] [ok → ok] HTTP 200
[2026-02-22 11:16:43] [ok → ok] HTTP 200
[2026-02-22 11:21:44] [ok → ok] HTTP 200
[2026-02-22 11:26:46] [ok → ok] HTTP 200
[2026-02-22 11:31:47] [ok → ok] HTTP 200
[2026-02-22 11:36:48] [ok → ok] HTTP 200
[2026-02-22 11:41:50] [ok → ok] HTTP 200
[2026-02-22 11:46:51] [ok → ok] HTTP 200
[2026-02-22 11:51:52] [ok → ok] HTTP 200
[2026-02-22 11:56:54] [ok → ok] HTTP 200
[2026-02-22 12:01:55] [ok → ok] HTTP 200
[2026-02-22 12:06:57] [ok → ok] HTTP 200
[2026-02-22 12:11:58] [ok → ok] HTTP 200
[2026-02-22 12:17:00] [ok → ok] HTTP 200
[2026-02-22 12:22:01] [ok → ok] HTTP 200
[2026-02-22 12:27:02] [ok → ok] HTTP 200
[2026-02-22 12:32:04] [ok → ok] HTTP 200
[2026-02-22 12:37:05] [ok → ok] HTTP 200
[2026-02-22 12:42:07] [ok → ok] HTTP 200
[2026-02-22 12:47:08] [ok → ok] HTTP 200
[2026-02-22 12:52:10] [ok → ok] HTTP 200
[2026-02-22 12:57:12] [ok → ok] HTTP 200
[2026-02-22 13:02:13] [ok → ok] HTTP 200
[2026-02-22 13:07:14] [ok → ok] HTTP 200
[2026-02-22 13:12:15] [ok → ok] HTTP 200
[2026-02-22 13:17:17] [ok → ok] HTTP 200
[2026-02-22 13:22:18] [ok → ok] HTTP 200
[2026-02-22 13:27:20] [ok → ok] HTTP 200
[2026-02-22 13:32:21] [ok → ok] HTTP 200
[2026-02-22 13:37:22] [ok → ok] HTTP 200
[2026-02-22 13:42:23] [ok → ok] HTTP 200
[2026-02-22 13:47:25] [ok → ok] HTTP 200
[2026-02-22 13:52:26] [ok → ok] HTTP 200
[2026-02-22 13:57:27] [ok → ok] HTTP 200
[2026-02-22 14:02:29] [ok → ok] HTTP 200
[2026-02-22 14:07:30] [ok → ok] HTTP 200
[2026-02-22 14:12:31] [ok → ok] HTTP 200
[2026-02-22 14:17:32] [ok → ok] HTTP 200
[2026-02-22 14:22:34] [ok → ok] HTTP 200
[2026-02-22 14:27:36] [ok → ok] HTTP 200
[2026-02-22 14:32:37] [ok → ok] HTTP 200
[2026-02-22 14:37:39] [ok → ok] HTTP 200
[2026-02-22 14:42:40] [ok → ok] HTTP 200
[2026-02-22 14:47:41] [ok → ok] HTTP 200
[2026-02-22 14:52:43] [ok → ok] HTTP 200
[2026-02-22 14:57:44] [ok → ok] HTTP 200
[2026-02-22 15:02:45] [ok → ok] HTTP 200
[2026-02-22 15:07:46] [ok → ok] HTTP 200
[2026-02-22 15:12:48] [ok → ok] HTTP 200
[2026-02-22 15:17:49] [ok → ok] HTTP 200
[2026-02-22 15:22:51] [ok → ok] HTTP 200
[2026-02-22 15:27:52] [ok → ok] HTTP 200
[2026-02-22 15:32:53] [ok → ok] HTTP 200
[2026-02-22 15:37:54] [ok → ok] HTTP 200
[2026-02-22 15:42:55] [ok → ok] HTTP 200
[2026-02-22 15:47:57] [ok → ok] HTTP 200
[2026-02-22 15:52:58] [ok → ok] HTTP 200
[2026-02-22 15:58:00] [ok → ok] HTTP 200
[2026-02-22 16:03:01] [ok → ok] HTTP 200
[2026-02-22 16:08:02] [ok → ok] HTTP 200
[2026-02-22 16:13:04] [ok → ok] HTTP 200
[2026-02-22 16:18:05] [ok → ok] HTTP 200
[2026-02-22 16:23:07] [ok → ok] HTTP 200
[2026-02-22 16:28:09] [ok → ok] HTTP 200
[2026-02-22 16:33:10] [ok → ok] HTTP 200
[2026-02-22 16:38:12] [ok → ok] HTTP 200
[2026-02-22 16:43:14] [ok → ok] HTTP 200
[2026-02-22 16:48:16] [ok → ok] HTTP 200
[2026-02-22 16:53:17] [ok → ok] HTTP 200
[2026-02-22 16:58:18] [ok → ok] HTTP 200
[2026-02-22 17:03:20] [ok → ok] HTTP 200
[2026-02-22 17:08:21] [ok → ok] HTTP 200
[2026-02-22 17:13:22] [ok → ok] HTTP 200
[2026-02-22 17:18:24] [ok → ok] HTTP 200
[2026-02-22 17:23:25] [ok → ok] HTTP 200
[2026-02-22 17:28:27] [ok → ok] HTTP 200
[2026-02-22 17:33:28] [ok → ok] HTTP 200
[2026-02-22 17:38:29] [ok → ok] HTTP 200
[2026-02-22 17:43:31] [ok → ok] HTTP 200
[2026-02-22 17:48:32] [ok → ok] HTTP 200
[2026-02-22 17:53:33] [ok → ok] HTTP 200
[2026-02-22 17:58:35] [ok → ok] HTTP 200
[2026-02-22 18:03:36] [ok → ok] HTTP 200
[2026-02-22 18:08:38] [ok → ok] HTTP 200
[2026-02-22 18:13:40] [ok → ok] HTTP 200
[2026-02-22 18:18:41] [ok → ok] HTTP 200
[2026-02-22 18:23:42] [ok → ok] HTTP 200
[2026-02-22 18:28:44] [ok → ok] HTTP 200
[2026-02-22 18:33:45] [ok → ok] HTTP 200
[2026-02-22 18:38:46] [ok → ok] HTTP 200
[2026-02-22 18:43:48] [ok → ok] HTTP 200
[2026-02-22 18:48:50] [ok → ok] HTTP 200
[2026-02-22 18:53:51] [ok → ok] HTTP 200
[2026-02-22 18:58:53] [ok → ok] HTTP 200
[2026-02-22 19:03:54] [ok → ok] HTTP 200
[2026-02-22 19:08:56] [ok → ok] HTTP 200
[2026-02-22 19:13:57] [ok → ok] HTTP 200
[2026-02-22 19:19:00] [ok → ok] HTTP 200
[2026-02-22 19:24:01] [ok → ok] HTTP 200
[2026-02-22 19:29:02] [ok → ok] HTTP 200
[2026-02-22 19:34:04] [ok → ok] HTTP 200
[2026-02-22 19:39:05] [ok → ok] HTTP 200
[2026-02-22 19:44:07] [ok → ok] HTTP 200
[2026-02-22 19:49:08] [ok → ok] HTTP 200
[2026-02-22 19:54:10] [ok → ok] HTTP 200
[2026-02-22 19:59:11] [ok → ok] HTTP 200
[2026-02-22 20:04:12] [ok → ok] HTTP 200
[2026-02-22 20:09:14] [ok → ok] HTTP 200
[2026-02-22 20:14:15] [ok → ok] HTTP 200
[2026-02-22 20:19:17] [ok → ok] HTTP 200
[2026-02-22 20:24:18] [ok → ok] HTTP 200
[2026-02-22 20:29:20] [ok → ok] HTTP 200
[2026-02-22 20:34:21] [ok → ok] HTTP 200
[2026-02-22 20:39:23] [ok → ok] HTTP 200
[2026-02-22 20:44:24] [ok → ok] HTTP 200
[2026-02-22 20:49:26] [ok → ok] HTTP 200
[2026-02-22 20:54:27] [ok → ok] HTTP 200
[2026-02-22 20:59:28] [ok → ok] HTTP 200
[2026-02-22 21:04:29] [ok → ok] HTTP 200
[2026-02-22 21:09:31] [ok → ok] HTTP 200
[2026-02-22 21:14:32] [ok → ok] HTTP 200
[2026-02-22 21:19:33] [ok → ok] HTTP 200
[2026-02-22 21:24:34] [ok → ok] HTTP 200
[2026-02-22 21:29:35] [ok → ok] HTTP 200
[2026-02-22 21:34:37] [ok → ok] HTTP 200
[2026-02-22 21:39:38] [ok → ok] HTTP 200
[2026-02-22 21:44:39] [ok → ok] HTTP 200
[2026-02-22 21:49:40] [ok → ok] HTTP 200
[2026-02-22 21:54:41] [ok → ok] HTTP 200
[2026-02-22 21:59:43] [ok → ok] HTTP 200
[2026-02-22 22:04:44] [ok → ok] HTTP 200
[2026-02-22 22:09:45] [ok → ok] HTTP 200
[2026-02-22 22:14:46] [ok → ok] HTTP 200
[2026-02-22 22:19:47] [ok → ok] HTTP 200
[2026-02-22 22:24:49] [ok → ok] HTTP 200
[2026-02-22 22:29:50] [ok → ok] HTTP 200
[2026-02-22 22:34:51] [ok → ok] HTTP 200
[2026-02-22 22:39:52] [ok → ok] HTTP 200
[2026-02-22 22:44:54] [ok → ok] HTTP 200
[2026-02-22 22:49:56] [ok → ok] HTTP 200
[2026-02-22 22:54:57] [ok → ok] HTTP 200
[2026-02-22 22:59:58] [ok → ok] HTTP 200
[2026-02-22 23:05:00] [ok → ok] HTTP 200
[2026-02-22 23:10:01] [ok → ok] HTTP 200
[2026-02-22 23:15:02] [ok → ok] HTTP 200
[2026-02-22 23:20:04] [ok → ok] HTTP 200
[2026-02-22 23:25:06] [ok → ok] HTTP 200
[2026-02-22 23:30:08] [ok → ok] HTTP 200
[2026-02-22 23:35:09] [ok → ok] HTTP 200
[2026-02-22 23:40:11] [ok → ok] HTTP 200
[2026-02-22 23:45:12] [ok → ok] HTTP 200
[2026-02-22 23:50:14] [ok → ok] HTTP 200
[2026-02-22 23:55:15] [ok → ok] HTTP 200
[2026-02-23 00:00:17] [ok → ok] HTTP 200
[2026-02-23 00:05:19] [ok → ok] HTTP 200
[2026-02-23 00:10:21] [ok → ok] HTTP 200
[2026-02-23 00:15:22] [ok → ok] HTTP 200
[2026-02-23 00:20:23] [ok → ok] HTTP 200
[2026-02-23 00:25:25] [ok → ok] HTTP 200
[2026-02-23 00:30:26] [ok → ok] HTTP 200
[2026-02-23 00:35:28] [ok → ok] HTTP 200
[2026-02-23 00:40:29] [ok → ok] HTTP 200
[2026-02-23 00:45:31] [ok → ok] HTTP 200
[2026-02-23 00:50:32] [ok → ok] HTTP 200
[2026-02-23 00:55:33] [ok → ok] HTTP 200
[2026-02-23 01:00:35] [ok → ok] HTTP 200
[2026-02-23 01:05:36] [ok → ok] HTTP 200
[2026-02-23 01:10:37] [ok → ok] HTTP 200
[2026-02-23 01:15:39] [ok → ok] HTTP 200
[2026-02-23 01:20:40] [ok → ok] HTTP 200
[2026-02-23 01:25:41] [ok → ok] HTTP 200
[2026-02-23 01:30:43] [ok → ok] HTTP 200
[2026-02-23 01:35:44] [ok → ok] HTTP 200
[2026-02-23 01:40:46] [ok → ok] HTTP 200
[2026-02-23 01:45:47] [ok → ok] HTTP 200
[2026-02-23 01:50:49] [ok → ok] HTTP 200
[2026-02-23 01:55:50] [ok → ok] HTTP 200
[2026-02-23 02:00:52] [ok → ok] HTTP 200
[2026-02-23 02:05:53] [ok → ok] HTTP 200
[2026-02-23 02:10:55] [ok → ok] HTTP 200
[2026-02-23 02:15:56] [ok → ok] HTTP 200
[2026-02-23 02:20:58] [ok → ok] HTTP 200
[2026-02-23 02:26:00] [ok → ok] HTTP 200
[2026-02-23 02:31:01] [ok → ok] HTTP 200
[2026-02-23 02:36:02] [ok → ok] HTTP 200
[2026-02-23 02:41:04] [ok → ok] HTTP 200
[2026-02-23 02:46:05] [ok → ok] HTTP 200
[2026-02-23 02:51:07] [ok → ok] HTTP 200
[2026-02-23 02:56:08] [ok → ok] HTTP 200
[2026-02-23 03:01:10] [ok → ok] HTTP 200
[2026-02-23 03:06:12] [ok → ok] HTTP 200
[2026-02-23 03:11:14] [ok → ok] HTTP 200
[2026-02-23 03:16:17] [ok → ok] HTTP 200
[2026-02-23 03:21:19] [ok → ok] HTTP 200
[2026-02-23 03:26:20] [ok → ok] HTTP 200
[2026-02-23 03:31:22] [ok → ok] HTTP 200
[2026-02-23 03:36:23] [ok → ok] HTTP 200
[2026-02-23 03:41:25] [ok → ok] HTTP 200
[2026-02-23 03:46:26] [ok → ok] HTTP 200
[2026-02-23 03:51:28] [ok → ok] HTTP 200
[2026-02-23 03:56:29] [ok → ok] HTTP 200
[2026-02-23 04:01:31] [ok → ok] HTTP 200
[2026-02-23 04:06:32] [ok → ok] HTTP 200
[2026-02-23 04:11:34] [ok → ok] HTTP 200
[2026-02-23 04:16:35] [ok → ok] HTTP 200
[2026-02-23 04:21:37] [ok → ok] HTTP 200
[2026-02-23 04:26:38] [ok → ok] HTTP 200
[2026-02-23 04:31:40] [ok → ok] HTTP 200
[2026-02-23 04:36:41] [ok → ok] HTTP 200
[2026-02-23 04:41:43] [ok → ok] HTTP 200
[2026-02-23 04:46:46] [ok → ok] HTTP 200
[2026-02-23 04:51:48] [ok → ok] HTTP 200
[2026-02-23 04:56:49] [ok → ok] HTTP 200
[2026-02-23 05:01:50] [ok → ok] HTTP 200
[2026-02-23 05:06:52] [ok → ok] HTTP 200
[2026-02-23 05:11:55] [ok → ok] HTTP 200
[2026-02-23 05:16:56] [ok → ok] HTTP 200
[2026-02-23 05:21:58] [ok → ok] HTTP 200
[2026-02-23 05:26:59] [ok → ok] HTTP 200
[2026-02-23 05:32:01] [ok → ok] HTTP 200
[2026-02-23 05:37:03] [ok → ok] HTTP 200
[2026-02-23 05:42:05] [ok → ok] HTTP 200
[2026-02-23 05:47:06] [ok → ok] HTTP 200
[2026-02-23 05:52:08] [ok → ok] HTTP 200
[2026-02-23 05:57:09] [ok → ok] HTTP 200
[2026-02-23 06:02:11] [ok → ok] HTTP 200
[2026-02-23 06:07:13] [ok → ok] HTTP 200
[2026-02-23 06:12:14] [ok → ok] HTTP 200
[2026-02-23 06:17:15] [ok → ok] HTTP 200
[2026-02-23 06:22:17] [ok → ok] HTTP 200
[2026-02-23 06:27:19] [ok → ok] HTTP 200
[2026-02-23 06:32:20] [ok → ok] HTTP 200
[2026-02-23 06:37:22] [ok → ok] HTTP 200
[2026-02-23 06:42:23] [ok → ok] HTTP 200
[2026-02-23 06:47:24] [ok → ok] HTTP 200
[2026-02-23 06:52:26] [ok → ok] HTTP 200
[2026-02-23 06:57:27] [ok → ok] HTTP 200
[2026-02-23 07:02:29] [ok → ok] HTTP 200
[2026-02-23 07:07:30] [ok → ok] HTTP 200
[2026-02-23 07:12:31] [ok → ok] HTTP 200
[2026-02-23 07:17:33] [ok → ok] HTTP 200
[2026-02-23 07:22:34] [ok → ok] HTTP 200
[2026-02-23 07:27:36] [ok → ok] HTTP 200
[2026-02-23 07:32:38] [ok → ok] HTTP 200
[2026-02-23 07:37:39] [ok → ok] HTTP 200
[2026-02-23 07:42:41] [ok → ok] HTTP 200
[2026-02-23 07:47:42] [ok → ok] HTTP 200
[2026-02-23 07:52:44] [ok → ok] HTTP 200
[2026-02-23 07:57:45] [ok → ok] HTTP 200
[2026-02-23 08:02:47] [ok → ok] HTTP 200
[2026-02-23 08:07:48] [ok → ok] HTTP 200
[2026-02-23 08:12:50] [ok → ok] HTTP 200
[2026-02-23 08:17:52] [ok → ok] HTTP 200
[2026-02-23 08:22:53] [ok → ok] HTTP 200
[2026-02-23 08:27:55] [ok → ok] HTTP 200
[2026-02-23 08:32:56] [ok → ok] HTTP 200
[2026-02-23 08:37:58] [ok → ok] HTTP 200
[2026-02-23 08:42:59] [ok → ok] HTTP 200
[2026-02-23 08:48:01] [ok → ok] HTTP 200
[2026-02-23 08:53:02] [ok → ok] HTTP 200
[2026-02-23 08:58:04] [ok → ok] HTTP 200
[2026-02-23 09:03:05] [ok → ok] HTTP 200
[2026-02-23 09:08:07] [ok → ok] HTTP 200
[2026-02-23 09:13:09] [ok → ok] HTTP 200
[2026-02-23 09:18:10] [ok → ok] HTTP 200
[2026-02-23 09:23:13] [ok → ok] HTTP 200
[2026-02-23 09:28:14] [ok → ok] HTTP 200
[2026-02-23 09:33:16] [ok → ok] HTTP 200
[2026-02-23 09:38:18] [ok → ok] HTTP 200
[2026-02-23 09:43:20] [ok → ok] HTTP 200
[2026-02-23 09:48:21] [ok → ok] HTTP 200
[2026-02-23 09:53:23] [ok → ok] HTTP 200
[2026-02-23 09:58:24] [ok → ok] HTTP 200
[2026-02-23 10:03:27] [ok → ok] HTTP 200
[2026-02-23 10:08:28] [ok → ok] HTTP 200
[2026-02-23 10:13:30] [ok → ok] HTTP 200
[2026-02-23 10:18:31] [ok → ok] HTTP 200
[2026-02-23 10:23:33] [ok → ok] HTTP 200
[2026-02-23 10:28:36] [ok → ok] HTTP 200
[2026-02-23 10:33:37] [ok → ok] HTTP 200
[2026-02-23 10:38:39] [ok → ok] HTTP 200
[2026-02-23 10:43:40] [ok → ok] HTTP 200
[2026-02-23 10:48:42] [ok → ok] HTTP 200
[2026-02-23 10:53:44] [ok → ok] HTTP 200
[2026-02-23 10:58:46] [ok → ok] HTTP 200
[2026-02-23 11:03:47] [ok → ok] HTTP 200
[2026-02-23 11:08:48] [ok → ok] HTTP 200
[2026-02-23 11:13:50] [ok → ok] HTTP 200
[2026-02-23 11:18:52] [ok → ok] HTTP 200
[2026-02-23 11:23:53] [ok → ok] HTTP 200
[2026-02-23 11:28:55] [ok → ok] HTTP 200
[2026-02-23 11:33:56] [ok → ok] HTTP 200
[2026-02-23 11:38:58] [ok → ok] HTTP 200
[2026-02-23 11:43:59] [ok → ok] HTTP 200
[2026-02-23 11:49:03] [ok → ok] HTTP 200
[2026-02-23 11:54:04] [ok → ok] HTTP 200
[2026-02-23 11:59:05] [ok → ok] HTTP 200
[2026-02-23 12:04:07] [ok → ok] HTTP 200
[2026-02-23 12:09:08] [ok → ok] HTTP 200
[2026-02-23 12:14:10] [ok → ok] HTTP 200
[2026-02-23 12:19:11] [ok → ok] HTTP 200
[2026-02-23 12:24:12] [ok → ok] HTTP 200
[2026-02-23 12:29:13] [ok → ok] HTTP 200
[2026-02-23 12:34:16] [ok → ok] HTTP 200
[2026-02-23 12:39:17] [ok → ok] HTTP 200
[2026-02-23 12:44:18] [ok → ok] HTTP 200
[2026-02-23 12:49:20] [ok → ok] HTTP 200
[2026-02-23 12:54:22] [ok → ok] HTTP 200
[2026-02-23 12:59:25] [ok → ok] HTTP 200
[2026-02-23 13:04:26] [ok → ok] HTTP 200
[2026-02-23 13:09:28] [ok → ok] HTTP 200
[2026-02-23 13:14:30] [ok → ok] HTTP 200
[2026-02-23 13:19:31] [ok → ok] HTTP 200
[2026-02-23 13:24:34] [ok → ok] HTTP 200
[2026-02-23 13:29:36] [ok → ok] HTTP 200
[2026-02-23 13:34:37] [ok → ok] HTTP 200
[2026-02-23 13:39:41] [ok → ok] HTTP 200
[2026-02-23 13:44:42] [ok → ok] HTTP 200
[2026-02-23 13:49:44] [ok → ok] HTTP 200
[2026-02-23 13:54:45] [ok → ok] HTTP 200
[2026-02-23 13:59:47] [ok → ok] HTTP 200
[2026-02-23 14:04:49] [ok → ok] HTTP 200
[2026-02-23 14:09:50] [ok → ok] HTTP 200
[2026-02-23 14:14:52] [ok → ok] HTTP 200
[2026-02-23 14:19:54] [ok → ok] HTTP 200
[2026-02-23 14:24:55] [ok → ok] HTTP 200
[2026-02-23 14:29:58] [ok → ok] HTTP 200
[2026-02-23 14:34:59] [ok → ok] HTTP 200
[2026-02-23 14:40:01] [ok → ok] HTTP 200
[2026-02-23 14:45:03] [ok → ok] HTTP 200
[2026-02-23 14:50:06] [ok → ok] HTTP 200
[2026-02-23 14:55:08] [ok → ok] HTTP 200
[2026-02-23 15:00:09] [ok → ok] HTTP 200
[2026-02-23 15:05:11] [ok → ok] HTTP 200
[2026-02-23 15:10:12] [ok → ok] HTTP 200
[2026-02-23 15:15:13] [ok → ok] HTTP 200
[2026-02-23 15:20:15] [ok → ok] HTTP 200
[2026-02-23 15:25:16] [ok → ok] HTTP 200
[2026-02-23 15:30:18] [ok → ok] HTTP 200
[2026-02-23 15:35:19] [ok → ok] HTTP 200
[2026-02-23 15:40:20] [ok → ok] HTTP 200
[2026-02-23 15:45:22] [ok → ok] HTTP 200
[2026-02-23 15:50:23] [ok → ok] HTTP 200
[2026-02-23 15:55:25] [ok → ok] HTTP 200
[2026-02-23 16:00:26] [ok → ok] HTTP 200
[2026-02-23 16:05:27] [ok → ok] HTTP 200
[2026-02-23 16:10:29] [ok → ok] HTTP 200
[2026-02-23 16:15:30] [ok → ok] HTTP 200
[2026-02-23 16:20:31] [ok → ok] HTTP 200
[2026-02-23 16:25:33] [ok → ok] HTTP 200
[2026-02-23 16:30:35] [ok → ok] HTTP 200
[2026-02-23 16:35:36] [ok → ok] HTTP 200
[2026-02-23 16:40:38] [ok → ok] HTTP 200
[2026-02-23 16:45:39] [ok → ok] HTTP 200
[2026-02-23 16:50:41] [ok → ok] HTTP 200
[2026-02-23 16:55:43] [ok → ok] HTTP 200
[2026-02-23 17:00:44] [ok → ok] HTTP 200
[2026-02-23 17:05:46] [ok → ok] HTTP 200
[2026-02-23 17:57:07] [ok → network_error] HTTP 000
[2026-02-23 19:24:54] [network_error → network_error] HTTP 000
[2026-02-23 19:34:21] [network_error → network_error] HTTP 000
[2026-02-23 19:42:20] [network_error → network_error] HTTP 000
[2026-02-23 20:11:47] [network_error → network_error] HTTP 000
[2026-02-23 21:03:53] [network_error → network_error] HTTP 000
[2026-02-23 21:08:56] [network_error → ok] HTTP 200
[2026-02-23 21:08:56] Recovery from network_error — restarting gateway
[2026-02-23 21:14:07] [ok → ok] HTTP 200
[2026-02-23 21:19:08] [ok → ok] HTTP 200
[2026-02-23 21:24:09] [ok → ok] HTTP 200
[2026-02-23 21:30:31] [ok → ok] HTTP 200
[2026-02-23 21:35:33] [ok → ok] HTTP 200
[2026-02-23 21:40:34] [ok → ok] HTTP 200
[2026-02-23 21:45:35] [ok → ok] HTTP 200
[2026-02-23 21:50:36] [ok → ok] HTTP 200
[2026-02-23 21:55:38] [ok → ok] HTTP 200
[2026-02-23 22:00:39] [ok → ok] HTTP 200
[2026-02-23 22:05:41] [ok → ok] HTTP 200
[2026-02-23 22:10:42] [ok → ok] HTTP 200
[2026-02-23 22:15:43] [ok → ok] HTTP 200
[2026-02-23 22:20:44] [ok → ok] HTTP 200
[2026-02-23 22:36:51] [ok → ok] HTTP 200
[2026-02-23 22:41:52] [ok → ok] HTTP 200
[2026-02-23 22:46:53] [ok → ok] HTTP 200
[2026-02-23 22:51:54] [ok → ok] HTTP 200
[2026-02-23 22:56:54] [ok → ok] HTTP 200
[2026-02-23 23:01:56] [ok → ok] HTTP 200
[2026-02-23 23:06:57] [ok → ok] HTTP 200
[2026-02-23 23:11:58] [ok → ok] HTTP 200
[2026-02-23 23:16:59] [ok → ok] HTTP 200
[2026-02-23 23:22:00] [ok → ok] HTTP 200
[2026-02-23 23:27:00] [ok → ok] HTTP 200
[2026-02-23 23:32:01] [ok → ok] HTTP 200
[2026-02-23 23:37:02] [ok → ok] HTTP 200
[2026-02-23 23:42:03] [ok → ok] HTTP 200
[2026-02-23 23:47:04] [ok → ok] HTTP 200
[2026-02-23 23:52:05] [ok → ok] HTTP 200
[2026-02-23 23:57:06] [ok → ok] HTTP 200
[2026-02-24 00:02:06] [ok → ok] HTTP 200
[2026-02-24 00:07:07] [ok → ok] HTTP 200
[2026-02-24 00:12:08] [ok → ok] HTTP 200
[2026-02-24 00:17:09] [ok → ok] HTTP 200
[2026-02-24 00:22:10] [ok → ok] HTTP 200
[2026-02-24 00:27:11] [ok → ok] HTTP 200
[2026-02-24 00:32:13] [ok → ok] HTTP 200
[2026-02-24 00:37:14] [ok → ok] HTTP 200
[2026-02-24 00:42:15] [ok → ok] HTTP 200
[2026-02-24 00:47:16] [ok → ok] HTTP 200
[2026-02-24 00:52:17] [ok → ok] HTTP 200
[2026-02-24 00:57:18] [ok → ok] HTTP 200
[2026-02-24 01:02:19] [ok → ok] HTTP 200
[2026-02-24 01:07:20] [ok → ok] HTTP 200
[2026-02-24 01:12:21] [ok → ok] HTTP 200
[2026-02-24 01:17:23] [ok → ok] HTTP 200
[2026-02-24 01:22:24] [ok → ok] HTTP 200
[2026-02-24 01:27:25] [ok → ok] HTTP 200
[2026-02-24 01:32:26] [ok → ok] HTTP 200
[2026-02-24 01:37:27] [ok → ok] HTTP 200
[2026-02-24 01:42:28] [ok → ok] HTTP 200
[2026-02-24 01:47:29] [ok → ok] HTTP 200
[2026-02-24 01:52:30] [ok → ok] HTTP 200
[2026-02-24 01:57:31] [ok → ok] HTTP 200
[2026-02-24 02:02:32] [ok → ok] HTTP 200
[2026-02-24 02:07:33] [ok → ok] HTTP 200
[2026-02-24 02:12:33] [ok → ok] HTTP 200
[2026-02-24 02:17:34] [ok → ok] HTTP 200
[2026-02-24 02:22:35] [ok → ok] HTTP 200
[2026-02-24 02:27:36] [ok → ok] HTTP 200
[2026-02-24 02:32:37] [ok → ok] HTTP 200
[2026-02-24 02:37:38] [ok → ok] HTTP 200
[2026-02-24 02:42:39] [ok → ok] HTTP 200
[2026-02-24 02:47:40] [ok → ok] HTTP 200
[2026-02-24 02:52:41] [ok → ok] HTTP 200
[2026-02-24 02:57:41] [ok → ok] HTTP 200
[2026-02-24 03:02:42] [ok → ok] HTTP 200
[2026-02-24 03:07:43] [ok → ok] HTTP 200
[2026-02-24 03:12:44] [ok → ok] HTTP 200
[2026-02-24 03:17:44] [ok → ok] HTTP 200
[2026-02-24 03:22:45] [ok → ok] HTTP 200
[2026-02-24 03:27:46] [ok → ok] HTTP 200
[2026-02-24 03:32:47] [ok → ok] HTTP 200
[2026-02-24 03:37:47] [ok → ok] HTTP 200
[2026-02-24 03:42:48] [ok → ok] HTTP 200
[2026-02-24 03:47:49] [ok → ok] HTTP 200
[2026-02-24 03:52:50] [ok → ok] HTTP 200
[2026-02-24 03:57:51] [ok → ok] HTTP 200
[2026-02-24 04:02:52] [ok → ok] HTTP 200
[2026-02-24 04:07:53] [ok → ok] HTTP 200
[2026-02-24 04:12:54] [ok → ok] HTTP 200
[2026-02-24 04:17:55] [ok → ok] HTTP 200
[2026-02-24 04:22:56] [ok → ok] HTTP 200
[2026-02-24 04:27:56] [ok → ok] HTTP 200
[2026-02-24 04:32:57] [ok → ok] HTTP 200
[2026-02-24 04:37:58] [ok → ok] HTTP 200
[2026-02-24 04:42:59] [ok → ok] HTTP 200
[2026-02-24 04:47:59] [ok → ok] HTTP 200
[2026-02-24 04:53:00] [ok → ok] HTTP 200
[2026-02-24 04:58:01] [ok → ok] HTTP 200
[2026-02-24 05:03:02] [ok → ok] HTTP 200
[2026-02-24 05:08:03] [ok → ok] HTTP 200
[2026-02-24 05:13:04] [ok → ok] HTTP 200
[2026-02-24 05:18:05] [ok → ok] HTTP 200
[2026-02-24 05:23:05] [ok → ok] HTTP 200
[2026-02-24 05:28:06] [ok → ok] HTTP 200
[2026-02-24 05:33:07] [ok → ok] HTTP 200
[2026-02-24 05:38:08] [ok → ok] HTTP 200
[2026-02-24 05:43:09] [ok → ok] HTTP 200
[2026-02-24 05:48:10] [ok → ok] HTTP 200
[2026-02-24 05:53:10] [ok → ok] HTTP 200
[2026-02-24 05:58:11] [ok → ok] HTTP 200
[2026-02-24 06:03:12] [ok → ok] HTTP 200
[2026-02-24 06:08:13] [ok → ok] HTTP 200
[2026-02-24 06:13:14] [ok → ok] HTTP 200
[2026-02-24 06:18:15] [ok → ok] HTTP 200
[2026-02-24 06:23:15] [ok → ok] HTTP 200
[2026-02-24 06:28:17] [ok → ok] HTTP 200
[2026-02-24 06:33:18] [ok → ok] HTTP 200
[2026-02-24 06:38:19] [ok → ok] HTTP 200
[2026-02-24 06:43:20] [ok → ok] HTTP 200
[2026-02-24 06:48:20] [ok → ok] HTTP 200
[2026-02-24 06:53:21] [ok → ok] HTTP 200
[2026-02-24 06:58:22] [ok → ok] HTTP 200
[2026-02-24 07:03:23] [ok → ok] HTTP 200
[2026-02-24 07:08:23] [ok → ok] HTTP 200
[2026-02-24 07:13:24] [ok → ok] HTTP 200
[2026-02-24 07:18:25] [ok → ok] HTTP 200
[2026-02-24 07:23:26] [ok → ok] HTTP 200
[2026-02-24 07:28:26] [ok → ok] HTTP 200
[2026-02-24 07:33:27] [ok → ok] HTTP 200
[2026-02-24 07:38:28] [ok → ok] HTTP 200
[2026-02-24 07:43:29] [ok → ok] HTTP 200
[2026-02-24 07:48:30] [ok → ok] HTTP 200
[2026-02-24 07:53:32] [ok → ok] HTTP 200
[2026-02-24 07:58:32] [ok → ok] HTTP 200
[2026-02-24 08:03:33] [ok → ok] HTTP 200
[2026-02-24 08:08:34] [ok → ok] HTTP 200
[2026-02-24 08:13:35] [ok → ok] HTTP 200
[2026-02-24 08:18:36] [ok → ok] HTTP 200
[2026-02-24 08:23:37] [ok → ok] HTTP 200
[2026-02-24 08:28:38] [ok → ok] HTTP 200
[2026-02-24 08:33:38] [ok → ok] HTTP 200
[2026-02-24 08:38:39] [ok → ok] HTTP 200
[2026-02-24 08:43:40] [ok → ok] HTTP 200
[2026-02-24 08:48:41] [ok → ok] HTTP 200
[2026-02-24 08:53:41] [ok → ok] HTTP 200
[2026-02-24 08:58:42] [ok → ok] HTTP 200
[2026-02-24 09:03:43] [ok → ok] HTTP 200
[2026-02-24 09:08:44] [ok → ok] HTTP 200
[2026-02-24 09:13:45] [ok → ok] HTTP 200
[2026-02-24 09:18:47] [ok → ok] HTTP 200
[2026-02-24 09:23:47] [ok → ok] HTTP 200
[2026-02-24 09:28:48] [ok → ok] HTTP 200
[2026-02-24 09:33:49] [ok → ok] HTTP 200
[2026-02-24 09:38:50] [ok → ok] HTTP 200
[2026-02-24 09:43:51] [ok → ok] HTTP 200
[2026-02-24 09:48:52] [ok → ok] HTTP 200
[2026-02-24 09:53:52] [ok → ok] HTTP 200
[2026-02-24 09:58:53] [ok → ok] HTTP 200
[2026-02-24 10:03:54] [ok → ok] HTTP 200
[2026-02-24 10:08:55] [ok → ok] HTTP 200
[2026-02-24 10:13:56] [ok → ok] HTTP 200
[2026-02-24 10:18:57] [ok → ok] HTTP 200
[2026-02-24 10:23:57] [ok → ok] HTTP 200
[2026-02-24 10:28:58] [ok → ok] HTTP 200
[2026-02-24 10:33:58] [ok → ok] HTTP 200
[2026-02-24 10:38:59] [ok → ok] HTTP 200
[2026-02-24 10:44:00] [ok → ok] HTTP 200
[2026-02-24 10:49:01] [ok → ok] HTTP 200
[2026-02-24 10:54:01] [ok → ok] HTTP 200
[2026-02-24 10:59:02] [ok → ok] HTTP 200
[2026-02-24 11:04:05] [ok → ok] HTTP 200
[2026-02-24 11:09:08] [ok → ok] HTTP 200
[2026-02-24 11:14:12] [ok → ok] HTTP 200
[2026-02-24 11:19:13] [ok → ok] HTTP 200
[2026-02-24 11:24:13] [ok → ok] HTTP 200
[2026-02-24 11:29:14] [ok → ok] HTTP 200
[2026-02-24 11:34:15] [ok → ok] HTTP 200
[2026-02-24 11:39:16] [ok → ok] HTTP 200
[2026-02-24 11:44:17] [ok → ok] HTTP 200
[2026-02-24 11:49:18] [ok → ok] HTTP 200
[2026-02-24 11:54:19] [ok → ok] HTTP 200
[2026-02-24 11:59:19] [ok → ok] HTTP 200
[2026-02-24 12:04:20] [ok → ok] HTTP 200
[2026-02-24 12:09:21] [ok → ok] HTTP 200
[2026-02-24 12:14:22] [ok → ok] HTTP 200
[2026-02-24 12:19:37] [ok → network_error] HTTP 000
[2026-02-24 12:24:52] [network_error → network_error] HTTP 000
[2026-02-24 12:30:07] [network_error → network_error] HTTP 000
[2026-02-24 12:35:23] [network_error → network_error] HTTP 000
[2026-02-24 12:40:38] [network_error → network_error] HTTP 000
[2026-02-24 12:45:53] [network_error → network_error] HTTP 000
[2026-02-24 12:51:08] [network_error → network_error] HTTP 000
[2026-02-24 12:56:24] [network_error → network_error] HTTP 000
[2026-02-24 13:01:39] [network_error → network_error] HTTP 000
[2026-02-24 13:06:54] [network_error → network_error] HTTP 000
[2026-02-24 13:12:09] [network_error → network_error] HTTP 000
[2026-02-24 13:17:24] [network_error → network_error] HTTP 000
[2026-02-24 13:22:40] [network_error → network_error] HTTP 000
[2026-02-24 13:27:55] [network_error → network_error] HTTP 000
[2026-02-24 13:33:10] [network_error → network_error] HTTP 000
[2026-02-24 13:38:25] [network_error → network_error] HTTP 000
[2026-02-24 13:43:40] [network_error → network_error] HTTP 000
[2026-02-24 13:48:56] [network_error → network_error] HTTP 000
[2026-02-24 13:54:11] [network_error → network_error] HTTP 000
[2026-02-24 13:59:26] [network_error → network_error] HTTP 000
[2026-02-24 14:04:41] [network_error → network_error] HTTP 000
[2026-02-24 14:09:57] [network_error → network_error] HTTP 000
[2026-02-24 14:15:12] [network_error → network_error] HTTP 000
[2026-02-24 14:20:27] [network_error → network_error] HTTP 000
[2026-02-24 14:25:42] [network_error → network_error] HTTP 000
[2026-02-24 14:31:55] [network_error → network_error] HTTP 000
[2026-02-24 15:53:22] [network_error → ok] HTTP 200
[2026-02-24 15:53:22] Recovery from network_error — restarting gateway
[2026-02-24 15:58:36] [ok → ok] HTTP 200
[2026-02-24 16:03:40] [ok → ok] HTTP 200
[2026-02-24 16:08:42] [ok → ok] HTTP 200
[2026-02-24 16:13:43] [ok → ok] HTTP 200
[2026-02-24 16:18:44] [ok → ok] HTTP 200
[2026-02-24 16:23:46] [ok → ok] HTTP 200
[2026-02-24 16:28:47] [ok → ok] HTTP 200
[2026-02-24 16:33:49] [ok → ok] HTTP 200
[2026-02-24 16:38:50] [ok → ok] HTTP 200
[2026-02-24 16:43:51] [ok → ok] HTTP 200
[2026-02-24 16:48:52] [ok → ok] HTTP 200
[2026-02-24 16:53:55] [ok → ok] HTTP 200
[2026-02-24 16:58:58] [ok → ok] HTTP 200
[2026-02-24 17:03:59] [ok → ok] HTTP 200
[2026-02-24 17:09:00] [ok → ok] HTTP 200
[2026-02-24 17:14:02] [ok → ok] HTTP 200
[2026-02-24 17:19:04] [ok → ok] HTTP 200
[2026-02-24 17:24:05] [ok → ok] HTTP 200
[2026-02-24 17:29:06] [ok → ok] HTTP 200
[2026-02-24 17:34:07] [ok → ok] HTTP 200
[2026-02-24 17:39:08] [ok → ok] HTTP 200
[2026-02-24 17:44:10] [ok → ok] HTTP 200
[2026-02-24 18:45:24] [ok → ok] HTTP 200
[2026-02-24 19:13:35] [ok → ok] HTTP 200
[2026-02-24 19:18:36] [ok → ok] HTTP 200
[2026-02-24 19:23:37] [ok → ok] HTTP 200
[2026-02-24 19:28:39] [ok → ok] HTTP 200
[2026-02-24 19:33:40] [ok → ok] HTTP 200
[2026-02-24 19:38:40] [ok → network_error] HTTP 000
[2026-02-24 19:43:40] [network_error → network_error] HTTP 000
[2026-02-24 19:48:40] [network_error → network_error] HTTP 000
[2026-02-24 19:53:40] [network_error → network_error] HTTP 000
[2026-02-24 19:58:40] [network_error → network_error] HTTP 000
[2026-02-24 20:03:42] [network_error → ok] HTTP 200
[2026-02-24 20:03:42] Recovery from network_error — restarting gateway
[2026-02-24 20:08:52] [ok → ok] HTTP 200
[2026-02-24 20:13:53] [ok → ok] HTTP 200
[2026-02-24 20:18:55] [ok → error_400] HTTP 400
[2026-02-24 20:23:55] [error_400 → error_400] HTTP 400
[2026-02-24 20:28:56] [error_400 → error_400] HTTP 400
[2026-02-24 20:33:57] [error_400 → error_400] HTTP 400
[2026-02-24 20:38:59] [error_400 → ok] HTTP 200
[2026-02-24 20:38:59] Recovery from error_400 — restarting gateway
[2026-02-24 20:44:09] [ok → ok] HTTP 200
[2026-02-24 20:49:10] [ok → ok] HTTP 200
[2026-02-24 20:54:11] [ok → ok] HTTP 200
[2026-02-24 20:59:13] [ok → ok] HTTP 200
[2026-02-24 21:04:14] [ok → ok] HTTP 200
[2026-02-24 21:09:16] [ok → ok] HTTP 200
[2026-02-24 21:14:17] [ok → ok] HTTP 200
[2026-02-24 21:19:20] [ok → ok] HTTP 200
[2026-02-24 21:24:21] [ok → ok] HTTP 200
[2026-02-24 21:29:23] [ok → ok] HTTP 200
[2026-02-24 21:34:25] [ok → ok] HTTP 200
[2026-02-24 21:39:26] [ok → ok] HTTP 200
[2026-02-24 21:44:28] [ok → ok] HTTP 200
[2026-02-24 21:49:29] [ok → ok] HTTP 200
[2026-02-24 23:44:55] [ok → ok] HTTP 200
[2026-02-24 23:49:56] [ok → ok] HTTP 200
[2026-02-24 23:54:57] [ok → ok] HTTP 200
[2026-02-24 23:59:58] [ok → ok] HTTP 200
[2026-02-25 00:04:59] [ok → ok] HTTP 200
[2026-02-25 00:10:00] [ok → ok] HTTP 200
[2026-02-25 00:15:00] [ok → ok] HTTP 200
[2026-02-25 00:20:02] [ok → ok] HTTP 200
[2026-02-25 00:25:04] [ok → ok] HTTP 200
[2026-02-25 00:30:04] [ok → ok] HTTP 200
[2026-02-25 00:35:05] [ok → ok] HTTP 200
[2026-02-25 00:50:38] [ok → ok] HTTP 200
[2026-02-25 00:55:39] [ok → ok] HTTP 200
[2026-02-25 01:00:40] [ok → ok] HTTP 200
[2026-02-25 01:05:40] [ok → ok] HTTP 200
[2026-02-25 01:10:41] [ok → ok] HTTP 200
[2026-02-25 01:15:42] [ok → ok] HTTP 200
[2026-02-25 01:20:43] [ok → ok] HTTP 200
[2026-02-25 01:25:44] [ok → ok] HTTP 200
[2026-02-25 01:30:45] [ok → ok] HTTP 200
[2026-02-25 01:35:45] [ok → ok] HTTP 200
[2026-02-25 01:40:46] [ok → ok] HTTP 200
[2026-02-25 01:45:47] [ok → ok] HTTP 200
[2026-02-25 01:50:48] [ok → ok] HTTP 200
[2026-02-25 01:55:49] [ok → ok] HTTP 200
[2026-02-25 02:00:50] [ok → ok] HTTP 200
[2026-02-25 02:05:50] [ok → ok] HTTP 200
[2026-02-25 02:10:51] [ok → ok] HTTP 200
[2026-02-25 02:15:52] [ok → ok] HTTP 200
[2026-02-25 02:20:53] [ok → ok] HTTP 200
[2026-02-25 02:25:53] [ok → ok] HTTP 200
[2026-02-25 02:30:54] [ok → ok] HTTP 200
[2026-02-25 02:35:55] [ok → ok] HTTP 200
[2026-02-25 02:40:56] [ok → ok] HTTP 200
[2026-02-25 02:45:57] [ok → ok] HTTP 200
[2026-02-25 02:50:59] [ok → ok] HTTP 200
[2026-02-25 02:56:00] [ok → ok] HTTP 200
[2026-02-25 03:01:00] [ok → ok] HTTP 200
[2026-02-25 03:06:01] [ok → ok] HTTP 200
[2026-02-25 03:11:02] [ok → ok] HTTP 200
[2026-02-25 03:16:03] [ok → ok] HTTP 200
[2026-02-25 03:21:04] [ok → ok] HTTP 200
[2026-02-25 03:26:05] [ok → ok] HTTP 200
[2026-02-25 03:31:06] [ok → ok] HTTP 200
[2026-02-25 03:36:06] [ok → ok] HTTP 200
[2026-02-25 03:41:07] [ok → ok] HTTP 200
[2026-02-25 03:46:08] [ok → ok] HTTP 200
[2026-02-25 03:51:09] [ok → ok] HTTP 200
[2026-02-25 03:56:10] [ok → ok] HTTP 200
[2026-02-25 04:01:10] [ok → ok] HTTP 200
[2026-02-25 04:06:11] [ok → ok] HTTP 200
[2026-02-25 04:11:12] [ok → ok] HTTP 200
[2026-02-25 04:16:13] [ok → ok] HTTP 200
[2026-02-25 04:21:14] [ok → ok] HTTP 200
[2026-02-25 04:26:15] [ok → ok] HTTP 200
[2026-02-25 04:31:16] [ok → ok] HTTP 200
[2026-02-25 04:36:17] [ok → ok] HTTP 200
[2026-02-25 04:41:18] [ok → ok] HTTP 200
[2026-02-25 04:46:19] [ok → ok] HTTP 200
[2026-02-25 04:51:20] [ok → ok] HTTP 200
[2026-02-25 04:56:21] [ok → ok] HTTP 200
[2026-02-25 05:01:22] [ok → ok] HTTP 200
[2026-02-25 05:06:23] [ok → ok] HTTP 200
[2026-02-25 05:11:24] [ok → ok] HTTP 200
[2026-02-25 05:16:24] [ok → ok] HTTP 200
[2026-02-25 05:21:26] [ok → ok] HTTP 200
[2026-02-25 05:26:26] [ok → ok] HTTP 200
[2026-02-25 05:31:27] [ok → ok] HTTP 200
[2026-02-25 05:36:28] [ok → ok] HTTP 200
[2026-02-25 05:41:29] [ok → ok] HTTP 200
[2026-02-25 05:46:30] [ok → ok] HTTP 200
[2026-02-25 05:51:30] [ok → ok] HTTP 200
[2026-02-25 05:56:32] [ok → ok] HTTP 200
[2026-02-25 06:01:33] [ok → ok] HTTP 200
[2026-02-25 06:06:33] [ok → ok] HTTP 200
[2026-02-25 06:11:35] [ok → ok] HTTP 200
[2026-02-25 06:16:36] [ok → ok] HTTP 200
[2026-02-25 06:21:37] [ok → ok] HTTP 200
[2026-02-25 06:26:37] [ok → ok] HTTP 200
[2026-02-25 06:31:42] [ok → ok] HTTP 200
[2026-02-25 06:36:43] [ok → ok] HTTP 200
[2026-02-25 06:41:43] [ok → ok] HTTP 200
[2026-02-25 06:46:44] [ok → ok] HTTP 200
[2026-02-25 06:51:45] [ok → ok] HTTP 200
[2026-02-25 06:56:46] [ok → ok] HTTP 200
[2026-02-25 07:01:47] [ok → ok] HTTP 200
[2026-02-25 07:06:47] [ok → ok] HTTP 200
[2026-02-25 07:11:48] [ok → ok] HTTP 200
[2026-02-25 07:16:49] [ok → ok] HTTP 200
[2026-02-25 07:21:50] [ok → ok] HTTP 200
[2026-02-25 07:26:51] [ok → ok] HTTP 200
[2026-02-25 07:31:52] [ok → ok] HTTP 200
[2026-02-25 07:36:52] [ok → ok] HTTP 200
[2026-02-25 07:41:53] [ok → ok] HTTP 200
[2026-02-25 07:46:54] [ok → ok] HTTP 200
[2026-02-25 07:51:55] [ok → ok] HTTP 200
[2026-02-25 07:56:56] [ok → ok] HTTP 200
[2026-02-25 08:01:56] [ok → ok] HTTP 200
[2026-02-25 08:06:57] [ok → ok] HTTP 200
[2026-02-25 08:11:58] [ok → ok] HTTP 200
[2026-02-25 08:16:59] [ok → ok] HTTP 200
[2026-02-25 08:22:00] [ok → ok] HTTP 200
[2026-02-25 08:27:01] [ok → ok] HTTP 200
[2026-02-25 08:32:02] [ok → ok] HTTP 200
[2026-02-25 08:37:02] [ok → ok] HTTP 200
[2026-02-25 08:42:03] [ok → ok] HTTP 200
[2026-02-25 08:47:04] [ok → ok] HTTP 200
[2026-02-25 08:52:05] [ok → ok] HTTP 200
[2026-02-25 08:57:05] [ok → ok] HTTP 200
[2026-02-25 09:02:06] [ok → ok] HTTP 200
[2026-02-25 09:07:07] [ok → ok] HTTP 200
[2026-02-25 09:12:08] [ok → ok] HTTP 200
[2026-02-25 09:17:09] [ok → ok] HTTP 200
[2026-02-25 09:22:10] [ok → ok] HTTP 200
[2026-02-25 09:27:11] [ok → ok] HTTP 200
[2026-02-25 09:32:12] [ok → ok] HTTP 200
[2026-02-25 09:37:13] [ok → ok] HTTP 200
[2026-02-25 09:42:14] [ok → ok] HTTP 200
[2026-02-25 09:47:14] [ok → ok] HTTP 200
[2026-02-25 09:52:15] [ok → ok] HTTP 200
[2026-02-25 09:57:16] [ok → ok] HTTP 200
[2026-02-25 10:02:17] [ok → ok] HTTP 200
[2026-02-25 10:07:17] [ok → ok] HTTP 200
[2026-02-25 10:12:18] [ok → ok] HTTP 200
[2026-02-25 10:17:19] [ok → ok] HTTP 200
[2026-02-25 10:22:20] [ok → ok] HTTP 200
[2026-02-25 10:27:20] [ok → ok] HTTP 200
[2026-02-25 10:32:21] [ok → ok] HTTP 200
[2026-02-25 10:37:22] [ok → ok] HTTP 200
[2026-02-25 10:42:23] [ok → ok] HTTP 200
[2026-02-25 10:47:24] [ok → ok] HTTP 200
[2026-02-25 10:52:24] [ok → ok] HTTP 200
[2026-02-25 10:57:25] [ok → ok] HTTP 200
[2026-02-25 11:02:26] [ok → ok] HTTP 200
[2026-02-25 11:07:27] [ok → ok] HTTP 200
[2026-02-25 11:12:28] [ok → ok] HTTP 200
[2026-02-25 11:17:29] [ok → ok] HTTP 200
[2026-02-25 11:22:30] [ok → ok] HTTP 200
[2026-02-25 11:27:31] [ok → ok] HTTP 200
[2026-02-25 11:32:32] [ok → ok] HTTP 200
[2026-02-25 11:37:33] [ok → ok] HTTP 200
[2026-02-25 11:42:34] [ok → ok] HTTP 200
[2026-02-25 11:47:34] [ok → ok] HTTP 200
[2026-02-25 11:52:36] [ok → ok] HTTP 200
[2026-02-25 11:57:36] [ok → ok] HTTP 200
[2026-02-25 12:02:37] [ok → ok] HTTP 200
[2026-02-25 12:07:38] [ok → ok] HTTP 200
[2026-02-25 12:12:40] [ok → ok] HTTP 200
[2026-02-25 12:17:40] [ok → ok] HTTP 200
[2026-02-25 12:22:41] [ok → ok] HTTP 200
[2026-02-25 12:27:43] [ok → ok] HTTP 200
[2026-02-25 12:32:44] [ok → ok] HTTP 200
[2026-02-25 12:37:46] [ok → ok] HTTP 200
[2026-02-25 12:42:47] [ok → ok] HTTP 200
[2026-02-25 12:47:48] [ok → ok] HTTP 200
[2026-02-25 12:52:49] [ok → ok] HTTP 200
[2026-02-25 12:57:50] [ok → ok] HTTP 200
[2026-02-25 13:02:51] [ok → ok] HTTP 200
[2026-02-25 13:07:51] [ok → ok] HTTP 200
[2026-02-25 13:12:52] [ok → ok] HTTP 200
[2026-02-25 13:17:53] [ok → ok] HTTP 200
[2026-02-25 13:22:54] [ok → ok] HTTP 200
[2026-02-25 13:27:55] [ok → ok] HTTP 200
[2026-02-25 13:32:56] [ok → ok] HTTP 200
[2026-02-25 13:37:57] [ok → ok] HTTP 200
[2026-02-25 13:42:58] [ok → ok] HTTP 200
[2026-02-25 13:47:59] [ok → ok] HTTP 200
[2026-02-25 13:53:00] [ok → ok] HTTP 200
[2026-02-25 13:58:01] [ok → ok] HTTP 200
[2026-02-25 14:03:02] [ok → ok] HTTP 200
[2026-02-25 14:08:03] [ok → ok] HTTP 200
[2026-02-25 14:13:05] [ok → ok] HTTP 200
[2026-02-25 14:18:06] [ok → ok] HTTP 200
[2026-02-25 14:23:07] [ok → ok] HTTP 200
[2026-02-25 14:28:07] [ok → ok] HTTP 200
[2026-02-25 14:33:08] [ok → ok] HTTP 200
[2026-02-25 14:38:09] [ok → ok] HTTP 200
[2026-02-25 14:43:09] [ok → ok] HTTP 200
[2026-02-25 14:48:10] [ok → ok] HTTP 200
[2026-02-25 14:53:11] [ok → ok] HTTP 200
[2026-02-25 14:58:12] [ok → ok] HTTP 200
[2026-02-25 15:03:13] [ok → ok] HTTP 200
[2026-02-25 15:08:14] [ok → ok] HTTP 200
[2026-02-25 15:13:14] [ok → ok] HTTP 200
[2026-02-25 15:18:15] [ok → ok] HTTP 200
[2026-02-25 15:23:16] [ok → ok] HTTP 200
[2026-02-25 15:28:17] [ok → ok] HTTP 200
[2026-02-25 15:33:18] [ok → ok] HTTP 200
[2026-02-25 15:38:19] [ok → ok] HTTP 200
[2026-02-25 15:43:20] [ok → ok] HTTP 200
[2026-02-25 15:48:21] [ok → ok] HTTP 200
[2026-02-25 15:53:22] [ok → ok] HTTP 200
[2026-02-25 15:58:23] [ok → ok] HTTP 200
[2026-02-25 16:03:24] [ok → ok] HTTP 200
[2026-02-25 16:08:24] [ok → ok] HTTP 200
[2026-02-25 16:13:25] [ok → ok] HTTP 200
[2026-02-25 16:18:27] [ok → ok] HTTP 200
[2026-02-25 16:23:28] [ok → ok] HTTP 200
[2026-02-25 16:28:29] [ok → ok] HTTP 200
[2026-02-25 16:33:30] [ok → ok] HTTP 200
[2026-02-25 16:38:31] [ok → ok] HTTP 200
[2026-02-25 16:43:32] [ok → ok] HTTP 200
[2026-02-25 16:48:33] [ok → ok] HTTP 200
[2026-02-25 16:53:34] [ok → ok] HTTP 200
[2026-02-25 16:58:36] [ok → ok] HTTP 200
[2026-02-25 17:03:36] [ok → ok] HTTP 200
[2026-02-25 17:08:37] [ok → ok] HTTP 200
[2026-02-25 17:13:38] [ok → ok] HTTP 200
[2026-02-25 17:18:39] [ok → ok] HTTP 200
[2026-02-25 17:23:40] [ok → ok] HTTP 200
[2026-02-25 17:28:41] [ok → ok] HTTP 200
[2026-02-25 17:33:41] [ok → ok] HTTP 200
[2026-02-25 17:38:42] [ok → ok] HTTP 200
[2026-02-25 17:43:43] [ok → ok] HTTP 200
[2026-02-25 17:48:44] [ok → ok] HTTP 200
[2026-02-25 17:53:45] [ok → ok] HTTP 200
[2026-02-25 17:58:45] [ok → ok] HTTP 200
[2026-02-25 18:03:46] [ok → ok] HTTP 200
[2026-02-25 18:08:47] [ok → ok] HTTP 200
[2026-02-25 18:13:47] [ok → ok] HTTP 200
[2026-02-25 18:18:48] [ok → ok] HTTP 200
[2026-02-25 18:23:50] [ok → ok] HTTP 200
[2026-02-25 18:28:50] [ok → ok] HTTP 200
[2026-02-25 18:33:51] [ok → ok] HTTP 200
[2026-02-25 18:38:52] [ok → ok] HTTP 200
[2026-02-25 18:43:53] [ok → ok] HTTP 200
[2026-02-25 18:48:53] [ok → ok] HTTP 200
[2026-02-25 18:53:54] [ok → ok] HTTP 200
[2026-02-25 18:58:55] [ok → ok] HTTP 200
[2026-02-25 19:03:56] [ok → ok] HTTP 200
[2026-02-25 19:08:56] [ok → ok] HTTP 200
[2026-02-25 19:13:57] [ok → ok] HTTP 200
[2026-02-25 19:18:58] [ok → ok] HTTP 200
[2026-02-25 19:23:59] [ok → ok] HTTP 200
[2026-02-25 19:29:00] [ok → ok] HTTP 200
[2026-02-25 19:34:01] [ok → ok] HTTP 200
[2026-02-25 19:39:02] [ok → ok] HTTP 200
[2026-02-25 19:44:02] [ok → ok] HTTP 200
[2026-02-25 19:49:03] [ok → ok] HTTP 200
[2026-02-25 19:54:04] [ok → ok] HTTP 200
[2026-02-25 19:59:05] [ok → ok] HTTP 200
[2026-02-25 20:04:10] [ok → ok] HTTP 200
[2026-02-25 20:09:11] [ok → ok] HTTP 200
[2026-02-25 20:14:12] [ok → ok] HTTP 200
[2026-02-25 20:19:12] [ok → ok] HTTP 200
[2026-02-25 20:24:13] [ok → ok] HTTP 200
[2026-02-25 20:29:14] [ok → ok] HTTP 200
[2026-02-25 20:34:14] [ok → ok] HTTP 200
[2026-02-25 20:39:15] [ok → ok] HTTP 200
[2026-02-25 20:44:16] [ok → ok] HTTP 200
[2026-02-25 20:49:17] [ok → ok] HTTP 200
[2026-02-25 20:54:18] [ok → ok] HTTP 200
[2026-02-25 20:59:19] [ok → ok] HTTP 200
[2026-02-25 21:04:20] [ok → ok] HTTP 200
[2026-02-25 21:09:20] [ok → ok] HTTP 200
[2026-02-25 21:14:21] [ok → ok] HTTP 200
[2026-02-25 21:19:22] [ok → ok] HTTP 200
[2026-02-25 21:24:23] [ok → ok] HTTP 200
[2026-02-25 21:29:24] [ok → ok] HTTP 200
[2026-02-25 21:34:24] [ok → ok] HTTP 200
[2026-02-25 21:39:25] [ok → ok] HTTP 200
[2026-02-25 21:44:26] [ok → ok] HTTP 200
[2026-02-25 21:49:27] [ok → ok] HTTP 200
[2026-02-25 21:54:28] [ok → ok] HTTP 200
[2026-02-25 21:59:28] [ok → ok] HTTP 200
[2026-02-25 22:04:29] [ok → ok] HTTP 200
[2026-02-25 22:09:30] [ok → ok] HTTP 200
[2026-02-25 22:14:31] [ok → ok] HTTP 200
[2026-02-25 22:19:31] [ok → ok] HTTP 200
[2026-02-25 22:24:33] [ok → ok] HTTP 200
[2026-02-25 22:29:33] [ok → ok] HTTP 200
[2026-02-25 22:34:34] [ok → ok] HTTP 200
[2026-02-25 22:39:35] [ok → ok] HTTP 200
[2026-02-25 22:44:36] [ok → ok] HTTP 200
[2026-02-25 22:49:36] [ok → ok] HTTP 200
[2026-02-25 22:54:37] [ok → ok] HTTP 200
[2026-02-25 22:59:38] [ok → ok] HTTP 200
[2026-02-25 23:04:39] [ok → ok] HTTP 200
[2026-02-25 23:09:39] [ok → ok] HTTP 200
[2026-02-25 23:14:40] [ok → ok] HTTP 200
[2026-02-25 23:19:41] [ok → ok] HTTP 200
[2026-02-25 23:24:42] [ok → ok] HTTP 200
[2026-02-25 23:29:43] [ok → ok] HTTP 200
[2026-02-25 23:34:43] [ok → ok] HTTP 200
[2026-02-25 23:39:44] [ok → ok] HTTP 200
[2026-02-25 23:44:45] [ok → ok] HTTP 200
[2026-02-25 23:49:46] [ok → ok] HTTP 200
[2026-02-25 23:54:47] [ok → ok] HTTP 200
[2026-02-25 23:59:48] [ok → ok] HTTP 200
[2026-02-26 00:04:48] [ok → ok] HTTP 200
[2026-02-26 00:09:49] [ok → ok] HTTP 200
[2026-02-26 00:14:50] [ok → ok] HTTP 200
[2026-02-26 00:19:50] [ok → ok] HTTP 200
[2026-02-26 00:24:51] [ok → ok] HTTP 200
[2026-02-26 00:29:52] [ok → ok] HTTP 200
[2026-02-26 00:34:53] [ok → ok] HTTP 200
[2026-02-26 00:39:54] [ok → ok] HTTP 200
[2026-02-26 00:44:54] [ok → ok] HTTP 200
[2026-02-26 00:49:55] [ok → ok] HTTP 200
[2026-02-26 00:54:56] [ok → ok] HTTP 200
[2026-02-26 00:59:57] [ok → ok] HTTP 200
[2026-02-26 01:04:57] [ok → ok] HTTP 200
[2026-02-26 01:09:58] [ok → ok] HTTP 200
[2026-02-26 01:14:59] [ok → ok] HTTP 200
[2026-02-26 01:20:00] [ok → ok] HTTP 200
[2026-02-26 01:25:01] [ok → ok] HTTP 200
[2026-02-26 01:30:02] [ok → ok] HTTP 200
[2026-02-26 01:35:03] [ok → ok] HTTP 200
[2026-02-26 01:40:03] [ok → ok] HTTP 200
[2026-02-26 01:45:04] [ok → ok] HTTP 200
[2026-02-26 01:50:04] [ok → ok] HTTP 200
[2026-02-26 01:55:06] [ok → ok] HTTP 200
[2026-02-26 02:00:07] [ok → ok] HTTP 200
[2026-02-26 02:05:07] [ok → ok] HTTP 200
[2026-02-26 02:10:08] [ok → ok] HTTP 200
[2026-02-26 02:15:09] [ok → ok] HTTP 200
[2026-02-26 02:20:09] [ok → ok] HTTP 200
[2026-02-26 02:25:11] [ok → ok] HTTP 200
[2026-02-26 02:30:11] [ok → ok] HTTP 200
[2026-02-26 02:35:12] [ok → ok] HTTP 200
[2026-02-26 02:40:13] [ok → ok] HTTP 200
[2026-02-26 02:45:13] [ok → ok] HTTP 200
[2026-02-26 02:50:14] [ok → ok] HTTP 200
[2026-02-26 02:55:15] [ok → ok] HTTP 200
[2026-02-26 03:00:16] [ok → ok] HTTP 200
[2026-02-26 03:05:17] [ok → ok] HTTP 200
[2026-02-26 03:10:18] [ok → ok] HTTP 200
[2026-02-26 03:15:19] [ok → ok] HTTP 200
[2026-02-26 03:20:22] [ok → ok] HTTP 200
[2026-02-26 03:25:23] [ok → ok] HTTP 200
[2026-02-26 03:30:23] [ok → ok] HTTP 200
[2026-02-26 03:35:24] [ok → ok] HTTP 200
[2026-02-26 03:40:25] [ok → ok] HTTP 200
[2026-02-26 03:45:26] [ok → ok] HTTP 200
[2026-02-26 03:50:27] [ok → ok] HTTP 200
[2026-02-26 03:55:27] [ok → ok] HTTP 200
[2026-02-26 04:00:28] [ok → ok] HTTP 200
[2026-02-26 04:05:30] [ok → ok] HTTP 200
[2026-02-26 04:10:30] [ok → ok] HTTP 200
[2026-02-26 04:15:31] [ok → ok] HTTP 200
[2026-02-26 04:20:32] [ok → ok] HTTP 200
[2026-02-26 04:25:33] [ok → ok] HTTP 200
[2026-02-26 04:30:34] [ok → ok] HTTP 200
[2026-02-26 15:28:57] [ok → ok] HTTP 200
[2026-02-26 15:33:57] [ok → ok] HTTP 200
[2026-02-26 15:38:58] [ok → ok] HTTP 200
[2026-02-26 15:43:59] [ok → ok] HTTP 200
[2026-02-26 15:49:00] [ok → ok] HTTP 200
[2026-02-26 15:54:01] [ok → ok] HTTP 200
[2026-02-26 15:59:01] [ok → ok] HTTP 200
[2026-02-26 16:04:02] [ok → ok] HTTP 200
[2026-02-26 16:09:03] [ok → ok] HTTP 200
[2026-02-26 16:14:04] [ok → ok] HTTP 200
[2026-02-26 16:19:05] [ok → ok] HTTP 200
[2026-02-26 16:24:06] [ok → ok] HTTP 200
[2026-02-26 16:29:07] [ok → ok] HTTP 200
[2026-02-26 16:34:08] [ok → ok] HTTP 200
[2026-02-26 16:39:09] [ok → ok] HTTP 200
[2026-02-26 16:44:10] [ok → ok] HTTP 200
[2026-02-26 16:49:11] [ok → ok] HTTP 200
[2026-02-26 16:54:11] [ok → ok] HTTP 200
[2026-02-26 16:59:12] [ok → ok] HTTP 200
[2026-02-26 17:04:13] [ok → ok] HTTP 200
[2026-02-26 17:09:14] [ok → ok] HTTP 200
[2026-02-26 17:14:15] [ok → ok] HTTP 200
[2026-02-26 17:19:16] [ok → ok] HTTP 200
[2026-02-26 17:24:17] [ok → ok] HTTP 200
[2026-02-26 17:29:18] [ok → ok] HTTP 200
[2026-02-26 17:34:18] [ok → ok] HTTP 200
[2026-02-26 17:39:19] [ok → ok] HTTP 200
[2026-02-26 17:44:21] [ok → ok] HTTP 200
[2026-02-26 17:49:22] [ok → ok] HTTP 200
[2026-02-26 17:54:23] [ok → ok] HTTP 200
[2026-02-26 17:59:23] [ok → ok] HTTP 200
[2026-02-26 18:04:24] [ok → ok] HTTP 200
[2026-02-26 18:09:25] [ok → ok] HTTP 200
[2026-02-26 18:14:26] [ok → ok] HTTP 200
[2026-02-26 18:19:27] [ok → ok] HTTP 200
[2026-02-26 18:24:28] [ok → ok] HTTP 200
[2026-02-26 18:29:29] [ok → ok] HTTP 200
[2026-02-26 18:34:30] [ok → ok] HTTP 200
[2026-02-26 18:39:31] [ok → ok] HTTP 200
[2026-02-26 18:44:31] [ok → ok] HTTP 200
[2026-02-26 18:49:33] [ok → ok] HTTP 200
[2026-02-26 18:54:33] [ok → ok] HTTP 200
[2026-02-26 18:59:34] [ok → ok] HTTP 200
[2026-02-26 19:04:35] [ok → ok] HTTP 200
[2026-02-26 19:09:36] [ok → ok] HTTP 200
[2026-02-26 19:14:37] [ok → ok] HTTP 200
[2026-02-26 19:19:38] [ok → ok] HTTP 200
[2026-02-26 19:24:39] [ok → ok] HTTP 200
[2026-02-26 19:29:39] [ok → ok] HTTP 200
[2026-02-26 19:34:40] [ok → ok] HTTP 200
[2026-02-26 19:39:41] [ok → ok] HTTP 200
[2026-02-26 19:44:42] [ok → ok] HTTP 200
[2026-02-26 19:49:43] [ok → ok] HTTP 200
[2026-02-26 19:54:44] [ok → ok] HTTP 200
[2026-02-26 20:18:09] [unknown → ok] HTTP 200
[2026-02-26 20:23:09] [ok → ok] HTTP 200
[2026-02-26 20:28:10] [ok → ok] HTTP 200
[2026-02-26 20:33:12] [ok → ok] HTTP 200
[2026-02-26 20:38:13] [ok → ok] HTTP 200
[2026-02-26 20:43:14] [ok → ok] HTTP 200
[2026-02-26 20:48:15] [ok → ok] HTTP 200
[2026-02-26 20:53:17] [ok → ok] HTTP 200
[2026-02-26 20:58:18] [ok → ok] HTTP 200
[2026-02-26 21:03:19] [ok → ok] HTTP 200
[2026-02-26 21:08:22] [ok → ok] HTTP 200
[2026-02-26 21:13:23] [ok → ok] HTTP 200
[2026-02-26 21:18:24] [ok → ok] HTTP 200
[2026-02-26 21:23:25] [ok → ok] HTTP 200
[2026-02-26 21:28:25] [ok → ok] HTTP 200
[2026-02-26 21:33:26] [ok → ok] HTTP 200
[2026-02-26 21:38:27] [ok → ok] HTTP 200
[2026-02-26 21:43:28] [ok → ok] HTTP 200
[2026-02-26 21:48:29] [ok → ok] HTTP 200
[2026-02-26 21:53:30] [ok → ok] HTTP 200
[2026-02-26 21:58:31] [ok → ok] HTTP 200
[2026-02-26 22:03:32] [ok → ok] HTTP 200
[2026-02-26 22:08:33] [ok → ok] HTTP 200
[2026-02-26 22:13:34] [ok → ok] HTTP 200
[2026-02-26 22:18:36] [ok → ok] HTTP 200
[2026-02-26 22:23:37] [ok → ok] HTTP 200
[2026-02-26 22:28:37] [ok → ok] HTTP 200
[2026-02-26 22:33:38] [ok → ok] HTTP 200
[2026-02-26 22:38:39] [ok → ok] HTTP 200
[2026-02-26 22:43:40] [ok → ok] HTTP 200
[2026-02-26 22:48:40] [ok → ok] HTTP 200
[2026-02-26 22:53:41] [ok → ok] HTTP 200
[2026-02-26 22:58:42] [ok → ok] HTTP 200
[2026-02-26 23:03:42] [ok → ok] HTTP 200
[2026-02-26 23:08:43] [ok → ok] HTTP 200
[2026-02-26 23:13:44] [ok → ok] HTTP 200
[2026-02-26 23:18:45] [ok → ok] HTTP 200
[2026-02-26 23:23:45] [ok → ok] HTTP 200
[2026-02-26 23:28:46] [ok → ok] HTTP 200
[2026-02-26 23:33:47] [ok → ok] HTTP 200
[2026-02-26 23:38:48] [ok → ok] HTTP 200
[2026-02-26 23:43:48] [ok → ok] HTTP 200
[2026-02-26 23:48:49] [ok → ok] HTTP 200
[2026-02-26 23:53:50] [ok → ok] HTTP 200
[2026-02-26 23:58:51] [ok → ok] HTTP 200
[2026-02-27 00:03:51] [ok → ok] HTTP 200
[2026-02-27 00:08:52] [ok → ok] HTTP 200
[2026-02-27 00:13:53] [ok → ok] HTTP 200
[2026-02-27 00:18:54] [ok → ok] HTTP 200
[2026-02-27 00:23:55] [ok → ok] HTTP 200
[2026-02-27 00:28:56] [ok → ok] HTTP 200
[2026-02-27 00:33:56] [ok → ok] HTTP 200
[2026-02-27 00:38:57] [ok → ok] HTTP 200
[2026-02-27 00:43:58] [ok → ok] HTTP 200
[2026-02-27 00:48:59] [ok → ok] HTTP 200
[2026-02-27 00:54:00] [ok → ok] HTTP 200
[2026-02-27 00:59:01] [ok → ok] HTTP 200
[2026-02-27 01:04:02] [ok → ok] HTTP 200
[2026-02-27 01:09:02] [ok → ok] HTTP 200
[2026-02-27 01:14:03] [ok → ok] HTTP 200
[2026-02-27 01:19:04] [ok → ok] HTTP 200
[2026-02-27 01:24:05] [ok → ok] HTTP 200
[2026-02-27 01:29:05] [ok → ok] HTTP 200
[2026-02-27 01:34:06] [ok → ok] HTTP 200
[2026-02-27 01:39:07] [ok → ok] HTTP 200
[2026-02-27 01:44:08] [ok → ok] HTTP 200
[2026-02-27 01:49:08] [ok → ok] HTTP 200
[2026-02-27 01:54:09] [ok → ok] HTTP 200
[2026-02-27 01:59:10] [ok → ok] HTTP 200
[2026-02-27 02:04:10] [ok → ok] HTTP 200
[2026-02-27 02:09:11] [ok → ok] HTTP 200
[2026-02-27 02:14:12] [ok → ok] HTTP 200
[2026-02-27 02:19:12] [ok → ok] HTTP 200
[2026-02-27 02:24:13] [ok → ok] HTTP 200
[2026-02-27 02:29:14] [ok → ok] HTTP 200
[2026-02-27 02:34:14] [ok → ok] HTTP 200
[2026-02-27 02:39:15] [ok → ok] HTTP 200
[2026-02-27 02:44:18] [ok → ok] HTTP 200
[2026-02-27 02:49:19] [ok → ok] HTTP 200
[2026-02-27 02:54:19] [ok → ok] HTTP 200
[2026-02-27 02:59:20] [ok → ok] HTTP 200
[2026-02-27 03:04:21] [ok → ok] HTTP 200
[2026-02-27 03:09:21] [ok → ok] HTTP 200
[2026-02-27 03:14:23] [ok → ok] HTTP 200
[2026-02-27 03:19:25] [ok → ok] HTTP 200
[2026-02-27 03:24:26] [ok → ok] HTTP 200
[2026-02-27 03:29:27] [ok → ok] HTTP 200
[2026-02-27 03:34:29] [ok → ok] HTTP 200
[2026-02-27 03:39:30] [ok → ok] HTTP 200
[2026-02-27 03:44:31] [ok → ok] HTTP 200
[2026-02-27 03:49:32] [ok → ok] HTTP 200
[2026-02-27 03:54:33] [ok → ok] HTTP 200
[2026-02-27 03:59:35] [ok → ok] HTTP 200
[2026-02-27 04:04:36] [ok → ok] HTTP 200
[2026-02-27 04:09:37] [ok → ok] HTTP 200
[2026-02-27 04:14:38] [ok → ok] HTTP 200
[2026-02-27 04:19:39] [ok → ok] HTTP 200
[2026-02-27 04:24:40] [ok → ok] HTTP 200
[2026-02-27 04:29:41] [ok → ok] HTTP 200
[2026-02-27 04:34:42] [ok → ok] HTTP 200
[2026-02-27 04:39:43] [ok → ok] HTTP 200
[2026-02-27 04:44:45] [ok → ok] HTTP 200
[2026-02-27 04:49:46] [ok → ok] HTTP 200
[2026-02-27 04:54:47] [ok → ok] HTTP 200
[2026-02-27 04:59:48] [ok → ok] HTTP 200
[2026-02-27 05:04:50] [ok → ok] HTTP 200
[2026-02-27 05:09:51] [ok → ok] HTTP 200
[2026-02-27 05:14:52] [ok → ok] HTTP 200
[2026-02-27 05:19:53] [ok → ok] HTTP 200
[2026-02-27 05:24:54] [ok → ok] HTTP 200
[2026-02-27 05:29:55] [ok → ok] HTTP 200
[2026-02-27 05:34:56] [ok → ok] HTTP 200
[2026-02-27 05:39:57] [ok → ok] HTTP 200
[2026-02-27 05:44:58] [ok → ok] HTTP 200
[2026-02-27 05:49:59] [ok → ok] HTTP 200
[2026-02-27 05:55:00] [ok → ok] HTTP 200
[2026-02-27 06:00:01] [ok → ok] HTTP 200
[2026-02-27 06:05:02] [ok → ok] HTTP 200
[2026-02-27 06:10:03] [ok → ok] HTTP 200
[2026-02-27 06:15:04] [ok → ok] HTTP 200
[2026-02-27 06:20:05] [ok → ok] HTTP 200
[2026-02-27 06:25:06] [ok → ok] HTTP 200
[2026-02-27 06:30:07] [ok → ok] HTTP 200
[2026-02-27 06:35:08] [ok → ok] HTTP 200
[2026-02-27 06:40:09] [ok → ok] HTTP 200
[2026-02-27 06:45:10] [ok → ok] HTTP 200
[2026-02-27 06:50:12] [ok → ok] HTTP 200
[2026-02-27 06:55:14] [ok → ok] HTTP 200
[2026-02-27 07:00:15] [ok → ok] HTTP 200
[2026-02-27 07:05:16] [ok → ok] HTTP 200
[2026-02-27 07:10:17] [ok → ok] HTTP 200
[2026-02-27 07:15:18] [ok → ok] HTTP 200
[2026-02-27 07:20:19] [ok → ok] HTTP 200
[2026-02-27 07:25:20] [ok → ok] HTTP 200
[2026-02-27 07:30:21] [ok → ok] HTTP 200
[2026-02-27 07:35:22] [ok → ok] HTTP 200
[2026-02-27 07:40:25] [ok → ok] HTTP 200
[2026-02-27 07:45:26] [ok → ok] HTTP 200
[2026-02-27 07:50:27] [ok → ok] HTTP 200
[2026-02-27 07:55:28] [ok → ok] HTTP 200
[2026-02-27 08:00:29] [ok → ok] HTTP 200
[2026-02-27 08:05:30] [ok → ok] HTTP 200
[2026-02-27 08:10:31] [ok → ok] HTTP 200
[2026-02-27 08:15:32] [ok → ok] HTTP 200
[2026-02-27 08:20:33] [ok → ok] HTTP 200
[2026-02-27 08:25:34] [ok → ok] HTTP 200
[2026-02-27 08:30:36] [ok → ok] HTTP 200
[2026-02-27 08:35:37] [ok → ok] HTTP 200
[2026-02-27 08:40:38] [ok → ok] HTTP 200
[2026-02-27 08:45:39] [ok → ok] HTTP 200
[2026-02-27 08:50:40] [ok → ok] HTTP 200
[2026-02-27 08:55:41] [ok → ok] HTTP 200
[2026-02-27 09:00:43] [ok → ok] HTTP 200
[2026-02-27 09:05:43] [ok → ok] HTTP 200
[2026-02-27 09:10:44] [ok → ok] HTTP 200
[2026-02-27 09:15:45] [ok → ok] HTTP 200
[2026-02-27 09:20:47] [ok → ok] HTTP 200
[2026-02-27 09:25:48] [ok → ok] HTTP 200
[2026-02-27 09:30:48] [ok → ok] HTTP 200
[2026-02-27 09:35:49] [ok → ok] HTTP 200
[2026-02-27 09:40:51] [ok → ok] HTTP 200
[2026-02-27 09:45:52] [ok → ok] HTTP 200
[2026-02-27 09:50:53] [ok → ok] HTTP 200
[2026-02-27 09:55:54] [ok → ok] HTTP 200
[2026-02-27 10:00:55] [ok → ok] HTTP 200
[2026-02-27 10:05:56] [ok → ok] HTTP 200
[2026-02-27 10:10:57] [ok → ok] HTTP 200
[2026-02-27 10:15:59] [ok → ok] HTTP 200
[2026-02-27 10:21:00] [ok → ok] HTTP 200
[2026-02-27 10:26:00] [ok → ok] HTTP 200
[2026-02-27 10:31:02] [ok → ok] HTTP 200
[2026-02-27 10:36:03] [ok → ok] HTTP 200
[2026-02-27 10:41:04] [ok → ok] HTTP 200
[2026-02-27 10:46:05] [ok → ok] HTTP 200
[2026-02-27 10:51:06] [ok → ok] HTTP 200
[2026-02-27 10:56:07] [ok → ok] HTTP 200
[2026-02-27 11:01:08] [ok → ok] HTTP 200
[2026-02-27 11:06:09] [ok → ok] HTTP 200
[2026-02-27 11:11:10] [ok → ok] HTTP 200
[2026-02-27 11:16:11] [ok → ok] HTTP 200
[2026-02-27 11:21:12] [ok → ok] HTTP 200
[2026-02-27 11:26:13] [ok → ok] HTTP 200
[2026-02-27 11:31:14] [ok → ok] HTTP 200
[2026-02-27 11:36:16] [ok → ok] HTTP 200
[2026-02-27 11:41:17] [ok → ok] HTTP 200
[2026-02-27 11:46:18] [ok → ok] HTTP 200
[2026-02-27 11:51:19] [ok → ok] HTTP 200
[2026-02-27 11:56:20] [ok → ok] HTTP 200
[2026-02-27 12:01:21] [ok → ok] HTTP 200
[2026-02-27 12:06:23] [ok → ok] HTTP 200
[2026-02-27 12:11:24] [ok → ok] HTTP 200
[2026-02-27 12:16:25] [ok → ok] HTTP 200
[2026-02-27 12:21:26] [ok → ok] HTTP 200
[2026-02-27 12:26:27] [ok → ok] HTTP 200
[2026-02-27 12:31:28] [ok → ok] HTTP 200
[2026-02-27 12:36:29] [ok → ok] HTTP 200
[2026-02-27 12:41:30] [ok → ok] HTTP 200
[2026-02-27 12:46:31] [ok → ok] HTTP 200
[2026-02-27 12:51:32] [ok → ok] HTTP 200
[2026-02-27 12:56:33] [ok → ok] HTTP 200
[2026-02-27 13:01:35] [ok → ok] HTTP 200
[2026-02-27 13:06:36] [ok → ok] HTTP 200
[2026-02-27 13:11:37] [ok → ok] HTTP 200
[2026-02-27 13:16:38] [ok → ok] HTTP 200
[2026-02-27 13:21:39] [ok → ok] HTTP 200
[2026-02-27 13:26:41] [ok → ok] HTTP 200
[2026-02-27 13:31:42] [ok → ok] HTTP 200
[2026-02-27 13:36:43] [ok → ok] HTTP 200
[2026-02-27 13:41:44] [ok → ok] HTTP 200
[2026-02-27 13:46:45] [ok → ok] HTTP 200
[2026-02-27 13:51:46] [ok → ok] HTTP 200
[2026-02-27 13:56:47] [ok → ok] HTTP 200
[2026-02-27 14:01:48] [ok → ok] HTTP 200
[2026-02-27 14:06:49] [ok → ok] HTTP 200
[2026-02-27 14:11:51] [ok → ok] HTTP 200
[2026-02-27 14:16:52] [ok → ok] HTTP 200
[2026-02-27 14:21:53] [ok → ok] HTTP 200
[2026-02-27 14:26:54] [ok → ok] HTTP 200
[2026-02-27 14:31:55] [ok → ok] HTTP 200
[2026-02-27 14:36:57] [ok → ok] HTTP 200
[2026-02-27 14:41:58] [ok → ok] HTTP 200
[2026-02-27 14:46:59] [ok → ok] HTTP 200
[2026-02-27 14:52:00] [ok → ok] HTTP 200
[2026-02-27 14:57:04] [ok → ok] HTTP 200
[2026-02-27 15:02:05] [ok → ok] HTTP 200
[2026-02-27 15:07:07] [ok → ok] HTTP 200
[2026-02-27 15:12:08] [ok → ok] HTTP 200
[2026-02-27 15:17:09] [ok → ok] HTTP 200
[2026-02-27 15:22:10] [ok → ok] HTTP 200
[2026-02-27 15:27:11] [ok → ok] HTTP 200
[2026-02-27 15:32:12] [ok → ok] HTTP 200
[2026-02-27 15:37:13] [ok → ok] HTTP 200
[2026-02-27 15:42:14] [ok → ok] HTTP 200
[2026-02-27 15:47:15] [ok → ok] HTTP 200
[2026-02-27 15:52:16] [ok → ok] HTTP 200
[2026-02-27 15:57:18] [ok → ok] HTTP 200
[2026-02-27 16:02:19] [ok → ok] HTTP 200
[2026-02-27 16:07:20] [ok → ok] HTTP 200
[2026-02-27 16:12:20] [ok → ok] HTTP 200
[2026-02-27 16:17:21] [ok → ok] HTTP 200
[2026-02-27 16:22:22] [ok → ok] HTTP 200
[2026-02-27 16:27:23] [ok → ok] HTTP 200
[2026-02-27 16:32:23] [ok → ok] HTTP 200
[2026-02-27 16:37:24] [ok → ok] HTTP 200
[2026-02-27 16:42:25] [ok → ok] HTTP 200
[2026-02-27 16:47:26] [ok → ok] HTTP 200
[2026-02-27 16:52:26] [ok → ok] HTTP 200
[2026-02-27 16:57:27] [ok → ok] HTTP 200
[2026-02-27 17:02:28] [ok → ok] HTTP 200
[2026-02-27 17:07:30] [ok → ok] HTTP 200
[2026-02-27 17:12:31] [ok → ok] HTTP 200
[2026-02-27 17:17:32] [ok → ok] HTTP 200
[2026-02-27 17:22:33] [ok → ok] HTTP 200
[2026-02-27 17:27:34] [ok → ok] HTTP 200
[2026-02-27 17:32:34] [ok → ok] HTTP 200
[2026-02-27 17:37:35] [ok → ok] HTTP 200
[2026-02-27 17:42:36] [ok → ok] HTTP 200
[2026-02-27 17:47:37] [ok → ok] HTTP 200
[2026-02-27 17:52:38] [ok → ok] HTTP 200
[2026-02-27 17:57:39] [ok → ok] HTTP 200
[2026-02-27 18:02:39] [ok → ok] HTTP 200
[2026-02-27 18:07:40] [ok → ok] HTTP 200
[2026-02-27 18:12:41] [ok → ok] HTTP 200
[2026-02-27 18:17:41] [ok → ok] HTTP 200
[2026-02-27 18:22:42] [ok → ok] HTTP 200
[2026-02-27 18:27:44] [ok → ok] HTTP 200
[2026-02-27 18:32:44] [ok → ok] HTTP 200
[2026-02-27 18:37:45] [ok → ok] HTTP 200
[2026-02-27 18:42:46] [ok → ok] HTTP 200
[2026-02-27 18:47:47] [ok → ok] HTTP 200
[2026-02-27 18:52:48] [ok → ok] HTTP 200
[2026-02-27 18:57:48] [ok → ok] HTTP 200
[2026-02-27 19:02:49] [ok → ok] HTTP 200
[2026-02-27 19:07:50] [ok → ok] HTTP 200
[2026-02-27 19:12:51] [ok → ok] HTTP 200
[2026-02-27 19:17:52] [ok → ok] HTTP 200
[2026-02-27 19:22:53] [ok → ok] HTTP 200
[2026-02-27 19:27:55] [ok → ok] HTTP 200
[2026-02-27 19:32:55] [ok → ok] HTTP 200
[2026-02-27 19:37:56] [ok → ok] HTTP 200
[2026-02-27 19:42:57] [ok → ok] HTTP 200
[2026-02-27 19:47:58] [ok → ok] HTTP 200
[2026-02-27 19:52:59] [ok → ok] HTTP 200
[2026-02-27 19:57:59] [ok → ok] HTTP 200
[2026-02-27 20:03:00] [ok → ok] HTTP 200
[2026-02-27 20:08:01] [ok → ok] HTTP 200
[2026-02-27 20:13:02] [ok → ok] HTTP 200
[2026-02-27 20:18:03] [ok → ok] HTTP 200
[2026-02-27 20:23:04] [ok → ok] HTTP 200
[2026-02-27 20:28:05] [ok → ok] HTTP 200
[2026-02-27 20:33:05] [ok → ok] HTTP 200
[2026-02-27 20:38:07] [ok → ok] HTTP 200
[2026-02-27 20:43:09] [ok → ok] HTTP 200
[2026-02-27 20:48:10] [ok → ok] HTTP 200
[2026-02-27 20:53:11] [ok → ok] HTTP 200
[2026-02-27 20:58:12] [ok → ok] HTTP 200
[2026-02-27 21:03:13] [ok → ok] HTTP 200
[2026-02-27 21:08:14] [ok → ok] HTTP 200
[2026-02-27 21:13:14] [ok → ok] HTTP 200
[2026-02-27 21:18:15] [ok → ok] HTTP 200
[2026-02-27 21:23:16] [ok → ok] HTTP 200
[2026-02-27 21:28:17] [ok → ok] HTTP 200
[2026-02-27 21:33:18] [ok → ok] HTTP 200
[2026-02-27 21:38:19] [ok → ok] HTTP 200
[2026-02-27 21:43:21] [ok → ok] HTTP 200
[2026-02-27 21:48:22] [ok → ok] HTTP 200
[2026-02-27 21:53:23] [ok → ok] HTTP 200
[2026-02-27 21:58:24] [ok → ok] HTTP 200
[2026-02-27 22:03:25] [ok → ok] HTTP 200
[2026-02-27 22:08:26] [ok → ok] HTTP 200
[2026-02-27 22:13:27] [ok → ok] HTTP 200
[2026-02-27 22:18:28] [ok → ok] HTTP 200
[2026-02-27 22:23:28] [ok → ok] HTTP 200
[2026-02-27 22:28:29] [ok → ok] HTTP 200
[2026-02-27 22:33:30] [ok → ok] HTTP 200
[2026-02-27 22:38:31] [ok → ok] HTTP 200
[2026-02-27 22:43:32] [ok → ok] HTTP 200
[2026-02-27 22:48:34] [ok → ok] HTTP 200
[2026-02-27 22:53:35] [ok → ok] HTTP 200
[2026-02-27 22:58:35] [ok → ok] HTTP 200
[2026-02-27 23:03:36] [ok → ok] HTTP 200
[2026-02-27 23:08:37] [ok → ok] HTTP 200
[2026-02-27 23:13:38] [ok → ok] HTTP 200
[2026-02-27 23:18:39] [ok → ok] HTTP 200
[2026-02-27 23:23:40] [ok → ok] HTTP 200
[2026-02-27 23:28:41] [ok → ok] HTTP 200
[2026-02-27 23:33:41] [ok → ok] HTTP 200
[2026-02-27 23:38:42] [ok → ok] HTTP 200
[2026-02-27 23:43:43] [ok → ok] HTTP 200
[2026-02-27 23:48:43] [ok → ok] HTTP 200
[2026-02-27 23:53:44] [ok → ok] HTTP 200
[2026-02-27 23:58:45] [ok → ok] HTTP 200
[2026-02-28 00:03:46] [ok → ok] HTTP 200
[2026-02-28 00:08:47] [ok → ok] HTTP 200
[2026-02-28 00:13:48] [ok → ok] HTTP 200
[2026-02-28 00:18:49] [ok → ok] HTTP 200
[2026-02-28 00:23:49] [ok → ok] HTTP 200
[2026-02-28 00:28:50] [ok → ok] HTTP 200
[2026-02-28 00:33:51] [ok → ok] HTTP 200
[2026-02-28 00:38:52] [ok → ok] HTTP 200
[2026-02-28 00:43:53] [ok → ok] HTTP 200
[2026-02-28 00:48:54] [ok → ok] HTTP 200
[2026-02-28 00:53:55] [ok → ok] HTTP 200
[2026-02-28 00:58:56] [ok → ok] HTTP 200
[2026-02-28 01:03:57] [ok → ok] HTTP 200
[2026-02-28 01:08:59] [ok → ok] HTTP 200
[2026-02-28 01:13:59] [ok → ok] HTTP 200
[2026-02-28 01:19:00] [ok → ok] HTTP 200
[2026-02-28 01:24:01] [ok → ok] HTTP 200
[2026-02-28 01:29:02] [ok → ok] HTTP 200
[2026-02-28 01:34:03] [ok → ok] HTTP 200
[2026-02-28 01:39:04] [ok → ok] HTTP 200
[2026-02-28 01:44:04] [ok → ok] HTTP 200
[2026-02-28 01:49:05] [ok → ok] HTTP 200
[2026-02-28 01:54:06] [ok → ok] HTTP 200
[2026-02-28 01:59:07] [ok → ok] HTTP 200
[2026-02-28 02:04:07] [ok → ok] HTTP 200
[2026-02-28 02:09:08] [ok → ok] HTTP 200
[2026-02-28 02:14:09] [ok → ok] HTTP 200
[2026-02-28 02:19:10] [ok → ok] HTTP 200
[2026-02-28 02:24:11] [ok → ok] HTTP 200
[2026-02-28 02:29:12] [ok → ok] HTTP 200
[2026-02-28 02:34:13] [ok → ok] HTTP 200
[2026-02-28 02:39:13] [ok → ok] HTTP 200
[2026-02-28 02:44:14] [ok → ok] HTTP 200
[2026-02-28 02:49:15] [ok → ok] HTTP 200
[2026-02-28 02:54:16] [ok → ok] HTTP 200
[2026-02-28 02:59:17] [ok → ok] HTTP 200
[2026-02-28 03:04:17] [ok → ok] HTTP 200
[2026-02-28 03:09:18] [ok → ok] HTTP 200
[2026-02-28 03:14:19] [ok → ok] HTTP 200
[2026-02-28 03:19:19] [ok → ok] HTTP 200
[2026-02-28 03:24:20] [ok → ok] HTTP 200
[2026-02-28 03:29:21] [ok → ok] HTTP 200
[2026-02-28 03:34:22] [ok → ok] HTTP 200
[2026-02-28 03:39:22] [ok → ok] HTTP 200
[2026-02-28 03:44:24] [ok → ok] HTTP 200
[2026-02-28 03:49:25] [ok → ok] HTTP 200
[2026-02-28 03:54:26] [ok → ok] HTTP 200
[2026-02-28 03:59:26] [ok → ok] HTTP 200
[2026-02-28 04:04:28] [ok → ok] HTTP 200
[2026-02-28 04:09:28] [ok → ok] HTTP 200
[2026-02-28 04:14:29] [ok → ok] HTTP 200
[2026-02-28 04:19:30] [ok → ok] HTTP 200
[2026-02-28 04:24:30] [ok → ok] HTTP 200
[2026-02-28 04:29:31] [ok → ok] HTTP 200
[2026-02-28 04:34:32] [ok → ok] HTTP 200
[2026-02-28 04:39:33] [ok → ok] HTTP 200
[2026-02-28 04:44:34] [ok → ok] HTTP 200
[2026-02-28 04:49:35] [ok → ok] HTTP 200
[2026-02-28 04:54:36] [ok → ok] HTTP 200
[2026-02-28 04:59:37] [ok → ok] HTTP 200
[2026-02-28 05:04:37] [ok → ok] HTTP 200
[2026-02-28 05:09:38] [ok → ok] HTTP 200
[2026-02-28 05:14:39] [ok → ok] HTTP 200
[2026-02-28 05:19:40] [ok → ok] HTTP 200
[2026-02-28 05:24:41] [ok → ok] HTTP 200
[2026-02-28 05:29:42] [ok → ok] HTTP 200
[2026-02-28 05:34:43] [ok → ok] HTTP 200
[2026-02-28 05:39:44] [ok → ok] HTTP 200
[2026-02-28 05:44:44] [ok → ok] HTTP 200
[2026-02-28 05:49:45] [ok → ok] HTTP 200
[2026-02-28 05:54:46] [ok → ok] HTTP 200
[2026-02-28 05:59:47] [ok → ok] HTTP 200
[2026-02-28 06:04:48] [ok → ok] HTTP 200
[2026-02-28 06:09:49] [ok → ok] HTTP 200
[2026-02-28 06:14:49] [ok → ok] HTTP 200
[2026-02-28 06:19:50] [ok → ok] HTTP 200
[2026-02-28 06:24:51] [ok → ok] HTTP 200
[2026-02-28 06:29:55] [ok → ok] HTTP 200
[2026-02-28 06:35:11] [ok → network_error] HTTP 000
[2026-02-28 06:40:11] [network_error → ok] HTTP 200
[2026-02-28 06:40:11] Recovery from network_error — restarting gateway
[2026-02-28 06:45:34] [ok → ok] HTTP 200
[2026-02-28 06:50:35] [ok → ok] HTTP 200
[2026-02-28 06:55:36] [ok → ok] HTTP 200
[2026-02-28 07:00:37] [ok → ok] HTTP 200
[2026-02-28 07:05:38] [ok → ok] HTTP 200
[2026-02-28 07:10:38] [ok → ok] HTTP 200
[2026-02-28 07:15:39] [ok → ok] HTTP 200
[2026-02-28 07:20:40] [ok → ok] HTTP 200
[2026-02-28 07:25:41] [ok → ok] HTTP 200
[2026-02-28 07:30:42] [ok → ok] HTTP 200
[2026-02-28 07:35:43] [ok → ok] HTTP 200
[2026-02-28 07:40:43] [ok → ok] HTTP 200
[2026-02-28 07:45:44] [ok → ok] HTTP 200
[2026-02-28 07:50:45] [ok → ok] HTTP 200
[2026-02-28 07:55:46] [ok → ok] HTTP 200
[2026-02-28 08:00:47] [ok → ok] HTTP 200
[2026-02-28 08:05:48] [ok → ok] HTTP 200
[2026-02-28 08:10:48] [ok → ok] HTTP 200
[2026-02-28 08:15:49] [ok → ok] HTTP 200
[2026-02-28 08:20:50] [ok → ok] HTTP 200
[2026-02-28 08:25:51] [ok → ok] HTTP 200
[2026-02-28 08:30:53] [ok → ok] HTTP 200
[2026-02-28 08:35:54] [ok → ok] HTTP 200
[2026-02-28 08:40:55] [ok → ok] HTTP 200
[2026-02-28 08:45:57] [ok → ok] HTTP 200
[2026-02-28 08:50:57] [ok → ok] HTTP 200
[2026-02-28 08:55:58] [ok → ok] HTTP 200
[2026-02-28 09:00:59] [ok → ok] HTTP 200
[2026-02-28 09:06:00] [ok → ok] HTTP 200
[2026-02-28 09:11:00] [ok → ok] HTTP 200
[2026-02-28 09:16:01] [ok → ok] HTTP 200
[2026-02-28 09:21:04] [ok → ok] HTTP 200
[2026-02-28 09:26:07] [ok → ok] HTTP 200
[2026-02-28 09:31:08] [ok → ok] HTTP 200
[2026-02-28 09:36:10] [ok → ok] HTTP 200
[2026-02-28 09:41:11] [ok → ok] HTTP 200
[2026-02-28 09:46:11] [ok → ok] HTTP 200
[2026-02-28 09:51:12] [ok → ok] HTTP 200
[2026-02-28 09:56:14] [ok → ok] HTTP 200
[2026-02-28 10:01:17] [ok → ok] HTTP 200
[2026-02-28 10:06:18] [ok → ok] HTTP 200
[2026-02-28 10:11:18] [ok → ok] HTTP 200
[2026-02-28 10:16:19] [ok → ok] HTTP 200
[2026-02-28 10:21:20] [ok → ok] HTTP 200
[2026-02-28 10:26:21] [ok → ok] HTTP 200
[2026-02-28 10:31:21] [ok → ok] HTTP 200
[2026-02-28 10:36:22] [ok → ok] HTTP 200
[2026-02-28 10:41:23] [ok → ok] HTTP 200
[2026-02-28 10:46:23] [ok → ok] HTTP 200
[2026-02-28 10:51:24] [ok → ok] HTTP 200
[2026-02-28 10:56:25] [ok → ok] HTTP 200
[2026-02-28 11:01:26] [ok → ok] HTTP 200
[2026-02-28 11:06:26] [ok → ok] HTTP 200
[2026-02-28 11:11:27] [ok → ok] HTTP 200
[2026-02-28 11:16:28] [ok → ok] HTTP 200
[2026-02-28 11:21:29] [ok → ok] HTTP 200
[2026-02-28 11:26:30] [ok → ok] HTTP 200
[2026-02-28 11:31:32] [ok → ok] HTTP 200
[2026-02-28 11:36:33] [ok → ok] HTTP 200
[2026-02-28 11:41:34] [ok → ok] HTTP 200
[2026-02-28 11:46:34] [ok → ok] HTTP 200
[2026-02-28 11:51:35] [ok → ok] HTTP 200
[2026-02-28 11:56:37] [ok → ok] HTTP 200
[2026-02-28 12:01:38] [ok → ok] HTTP 200
[2026-02-28 12:06:38] [ok → ok] HTTP 200
[2026-02-28 12:11:39] [ok → ok] HTTP 200
[2026-02-28 12:16:42] [ok → ok] HTTP 200
[2026-02-28 12:21:43] [ok → ok] HTTP 200
[2026-02-28 12:26:44] [ok → ok] HTTP 200
[2026-02-28 12:31:59] [ok → network_error] HTTP 000
[2026-02-28 12:37:00] [network_error → ok] HTTP 200
[2026-02-28 12:37:00] Recovery from network_error — restarting gateway
[2026-02-28 12:42:22] [ok → ok] HTTP 200
[2026-02-28 12:47:23] [ok → ok] HTTP 200
[2026-02-28 12:52:24] [ok → ok] HTTP 200
[2026-02-28 12:57:25] [ok → ok] HTTP 200
[2026-02-28 13:02:26] [ok → ok] HTTP 200
[2026-02-28 13:07:26] [ok → ok] HTTP 200
[2026-02-28 13:12:27] [ok → ok] HTTP 200
[2026-02-28 13:17:28] [ok → ok] HTTP 200
[2026-02-28 13:22:29] [ok → ok] HTTP 200
[2026-02-28 13:27:29] [ok → ok] HTTP 200
[2026-02-28 13:32:30] [ok → ok] HTTP 200
[2026-02-28 13:37:31] [ok → ok] HTTP 200
[2026-02-28 13:42:32] [ok → ok] HTTP 200
[2026-02-28 13:47:32] [ok → ok] HTTP 200
[2026-02-28 13:52:33] [ok → ok] HTTP 200
[2026-02-28 13:57:34] [ok → ok] HTTP 200
[2026-02-28 14:02:35] [ok → ok] HTTP 200
[2026-02-28 14:07:38] [ok → ok] HTTP 200
[2026-02-28 14:12:39] [ok → ok] HTTP 200
[2026-02-28 14:17:40] [ok → ok] HTTP 200
[2026-02-28 14:22:41] [ok → ok] HTTP 200
[2026-02-28 14:27:42] [ok → ok] HTTP 200
[2026-02-28 14:32:42] [ok → ok] HTTP 200
[2026-02-28 14:37:43] [ok → ok] HTTP 200
[2026-02-28 14:42:44] [ok → ok] HTTP 200
[2026-02-28 14:47:45] [ok → ok] HTTP 200
[2026-02-28 14:52:45] [ok → ok] HTTP 200
[2026-02-28 14:57:46] [ok → ok] HTTP 200
[2026-02-28 15:02:47] [ok → ok] HTTP 200
[2026-02-28 15:07:48] [ok → ok] HTTP 200
[2026-02-28 15:12:49] [ok → ok] HTTP 200
[2026-02-28 15:17:50] [ok → ok] HTTP 200
[2026-02-28 15:22:50] [ok → ok] HTTP 200
[2026-02-28 15:27:52] [ok → ok] HTTP 200
[2026-02-28 15:32:53] [ok → ok] HTTP 200
[2026-02-28 15:37:54] [ok → ok] HTTP 200
[2026-02-28 15:42:54] [ok → ok] HTTP 200
[2026-02-28 15:47:55] [ok → ok] HTTP 200
[2026-02-28 15:52:56] [ok → ok] HTTP 200
[2026-02-28 15:57:57] [ok → ok] HTTP 200
[2026-02-28 16:02:57] [ok → ok] HTTP 200
[2026-02-28 16:07:58] [ok → ok] HTTP 200
[2026-02-28 16:12:59] [ok → ok] HTTP 200
[2026-02-28 16:18:00] [ok → ok] HTTP 200
[2026-02-28 16:23:00] [ok → ok] HTTP 200
[2026-02-28 16:28:01] [ok → ok] HTTP 200
[2026-02-28 16:33:02] [ok → ok] HTTP 200
[2026-02-28 16:38:03] [ok → ok] HTTP 200
[2026-02-28 16:43:04] [ok → ok] HTTP 200
[2026-02-28 16:48:04] [ok → ok] HTTP 200
[2026-02-28 16:53:05] [ok → ok] HTTP 200
[2026-02-28 16:58:06] [ok → ok] HTTP 200
[2026-02-28 17:03:07] [ok → ok] HTTP 200
[2026-02-28 17:08:08] [ok → ok] HTTP 200
[2026-02-28 17:13:09] [ok → ok] HTTP 200
[2026-02-28 17:18:10] [ok → ok] HTTP 200
[2026-02-28 17:23:10] [ok → ok] HTTP 200
[2026-02-28 17:28:11] [ok → ok] HTTP 200
[2026-02-28 17:33:12] [ok → ok] HTTP 200
[2026-02-28 17:38:15] [ok → ok] HTTP 200
[2026-02-28 17:43:16] [ok → ok] HTTP 200
[2026-02-28 17:48:17] [ok → ok] HTTP 200
[2026-02-28 17:53:18] [ok → ok] HTTP 200
[2026-02-28 17:58:19] [ok → ok] HTTP 200
[2026-02-28 18:03:20] [ok → ok] HTTP 200
[2026-02-28 18:08:21] [ok → ok] HTTP 200
[2026-02-28 18:13:22] [ok → ok] HTTP 200
[2026-02-28 18:18:23] [ok → ok] HTTP 200
[2026-02-28 18:23:23] [ok → ok] HTTP 200
[2026-02-28 18:28:24] [ok → ok] HTTP 200
[2026-02-28 18:33:25] [ok → ok] HTTP 200
[2026-02-28 18:38:26] [ok → ok] HTTP 200
[2026-02-28 18:43:26] [ok → ok] HTTP 200
[2026-02-28 18:48:28] [ok → ok] HTTP 200
[2026-02-28 18:53:28] [ok → ok] HTTP 200
[2026-02-28 18:58:30] [ok → ok] HTTP 200
[2026-02-28 19:03:31] [ok → ok] HTTP 200
[2026-02-28 19:08:32] [ok → ok] HTTP 200
[2026-02-28 19:13:32] [ok → ok] HTTP 200
[2026-02-28 19:18:33] [ok → ok] HTTP 200
[2026-02-28 19:23:35] [ok → ok] HTTP 200
[2026-02-28 19:28:35] [ok → ok] HTTP 200
[2026-02-28 19:33:36] [ok → ok] HTTP 200
[2026-02-28 19:53:43] [ok → ok] HTTP 200
[2026-03-01 00:40:10] [ok → ok] HTTP 200
[2026-03-01 00:45:11] [ok → ok] HTTP 200
[2026-03-01 00:50:12] [ok → ok] HTTP 200
[2026-03-01 00:55:12] [ok → ok] HTTP 200
[2026-03-01 01:00:14] [ok → ok] HTTP 200
[2026-03-01 01:05:15] [ok → ok] HTTP 200
[2026-03-01 01:10:17] [ok → ok] HTTP 200
[2026-03-01 01:15:18] [ok → ok] HTTP 200
[2026-03-01 01:20:18] [ok → ok] HTTP 200
[2026-03-01 01:25:19] [ok → ok] HTTP 200
[2026-03-01 01:30:21] [ok → ok] HTTP 200
[2026-03-01 01:35:26] [ok → ok] HTTP 200
[2026-03-01 01:40:27] [ok → ok] HTTP 200
[2026-03-01 01:45:28] [ok → ok] HTTP 200
[2026-03-01 01:50:28] [ok → ok] HTTP 200
[2026-03-01 01:55:29] [ok → ok] HTTP 200
[2026-03-01 02:00:30] [ok → ok] HTTP 200
[2026-03-01 02:05:31] [ok → ok] HTTP 200
[2026-03-01 02:10:32] [ok → ok] HTTP 200
[2026-03-01 02:15:33] [ok → ok] HTTP 200
[2026-03-01 02:20:34] [ok → ok] HTTP 200
[2026-03-01 02:25:35] [ok → ok] HTTP 200
[2026-03-01 02:30:36] [ok → ok] HTTP 200
[2026-03-01 02:35:36] [ok → ok] HTTP 200
[2026-03-01 02:40:37] [ok → ok] HTTP 200
[2026-03-01 02:45:38] [ok → ok] HTTP 200
[2026-03-01 02:50:39] [ok → ok] HTTP 200
[2026-03-01 02:55:40] [ok → ok] HTTP 200
[2026-03-01 03:00:41] [ok → ok] HTTP 200
[2026-03-01 03:05:43] [ok → ok] HTTP 200
[2026-03-01 03:10:44] [ok → ok] HTTP 200
[2026-03-01 03:15:45] [ok → ok] HTTP 200
[2026-03-01 03:20:54] [ok → ok] HTTP 200
[2026-03-01 03:25:55] [ok → ok] HTTP 200
[2026-03-01 03:30:56] [ok → ok] HTTP 200
[2026-03-01 03:35:57] [ok → ok] HTTP 200
[2026-03-01 03:40:58] [ok → ok] HTTP 200
[2026-03-01 03:45:58] [ok → ok] HTTP 200
[2026-03-01 03:50:59] [ok → ok] HTTP 200
[2026-03-01 03:56:02] [ok → ok] HTTP 200
[2026-03-01 04:01:04] [ok → ok] HTTP 200
[2026-03-01 04:06:05] [ok → ok] HTTP 200
[2026-03-01 04:11:05] [ok → ok] HTTP 200
[2026-03-01 04:16:06] [ok → ok] HTTP 200
[2026-03-01 04:21:07] [ok → ok] HTTP 200
[2026-03-01 04:26:08] [ok → ok] HTTP 200
[2026-03-01 04:31:09] [ok → ok] HTTP 200
[2026-03-01 04:36:10] [ok → ok] HTTP 200
[2026-03-01 04:41:10] [ok → ok] HTTP 200
[2026-03-01 04:46:12] [ok → ok] HTTP 200
[2026-03-01 04:51:13] [ok → ok] HTTP 200
[2026-03-01 04:56:13] [ok → ok] HTTP 200
[2026-03-01 05:01:15] [ok → ok] HTTP 200
[2026-03-01 05:06:16] [ok → ok] HTTP 200
[2026-03-01 05:11:17] [ok → ok] HTTP 200
[2026-03-01 05:16:17] [ok → ok] HTTP 200
[2026-03-01 05:21:18] [ok → ok] HTTP 200
[2026-03-01 05:26:19] [ok → ok] HTTP 200
[2026-03-01 05:31:20] [ok → ok] HTTP 200
[2026-03-01 05:36:20] [ok → ok] HTTP 200
[2026-03-01 05:41:21] [ok → ok] HTTP 200
[2026-03-01 05:46:22] [ok → ok] HTTP 200
[2026-03-01 05:51:22] [ok → ok] HTTP 200
[2026-03-01 05:56:23] [ok → ok] HTTP 200
[2026-03-01 06:01:24] [ok → ok] HTTP 200
[2026-03-01 06:06:25] [ok → ok] HTTP 200
[2026-03-01 06:11:25] [ok → ok] HTTP 200
[2026-03-01 06:16:26] [ok → ok] HTTP 200
[2026-03-01 06:21:27] [ok → ok] HTTP 200
[2026-03-01 06:26:27] [ok → ok] HTTP 200
[2026-03-01 06:31:30] [ok → ok] HTTP 200
[2026-03-01 06:36:31] [ok → ok] HTTP 200
[2026-03-01 06:41:31] [ok → ok] HTTP 200
[2026-03-01 06:46:32] [ok → ok] HTTP 200
[2026-03-01 06:51:32] [ok → ok] HTTP 200
[2026-03-01 06:56:33] [ok → ok] HTTP 200
[2026-03-01 07:01:34] [ok → ok] HTTP 200
[2026-03-01 07:06:35] [ok → ok] HTTP 200
[2026-03-01 07:11:35] [ok → ok] HTTP 200
[2026-03-01 07:16:36] [ok → ok] HTTP 200
[2026-03-01 07:21:37] [ok → ok] HTTP 200
[2026-03-01 07:26:38] [ok → ok] HTTP 200
[2026-03-01 07:31:39] [ok → ok] HTTP 200
[2026-03-01 07:36:40] [ok → ok] HTTP 200
[2026-03-01 07:41:40] [ok → ok] HTTP 200
[2026-03-01 07:46:41] [ok → ok] HTTP 200
[2026-03-01 07:51:42] [ok → ok] HTTP 200
[2026-03-01 07:56:42] [ok → ok] HTTP 200
[2026-03-01 08:01:44] [ok → ok] HTTP 200
[2026-03-01 08:06:45] [ok → ok] HTTP 200
[2026-03-01 08:11:45] [ok → ok] HTTP 200
[2026-03-01 08:16:46] [ok → ok] HTTP 200
[2026-03-01 08:21:47] [ok → ok] HTTP 200
[2026-03-01 08:26:47] [ok → ok] HTTP 200
[2026-03-01 08:31:48] [ok → ok] HTTP 200
[2026-03-01 08:36:48] [ok → ok] HTTP 200
[2026-03-01 08:41:49] [ok → ok] HTTP 200
[2026-03-01 08:46:50] [ok → ok] HTTP 200
[2026-03-01 08:51:51] [ok → ok] HTTP 200
[2026-03-01 08:56:52] [ok → ok] HTTP 200
[2026-03-01 09:01:53] [ok → ok] HTTP 200
[2026-03-01 09:06:54] [ok → ok] HTTP 200
[2026-03-01 09:11:54] [ok → ok] HTTP 200
[2026-03-01 09:16:56] [ok → ok] HTTP 200
[2026-03-01 09:21:58] [ok → ok] HTTP 200
[2026-03-01 09:26:59] [ok → ok] HTTP 200
[2026-03-01 09:32:00] [ok → ok] HTTP 200
[2026-03-01 09:37:02] [ok → ok] HTTP 200
[2026-03-01 09:42:03] [ok → ok] HTTP 200
[2026-03-01 09:47:04] [ok → ok] HTTP 200
[2026-03-01 09:52:05] [ok → ok] HTTP 200
[2026-03-01 09:57:06] [ok → ok] HTTP 200
[2026-03-01 10:02:07] [ok → ok] HTTP 200
[2026-03-01 10:07:09] [ok → ok] HTTP 200
[2026-03-01 10:12:10] [ok → ok] HTTP 200
[2026-03-01 10:17:10] [ok → ok] HTTP 200
[2026-03-01 10:22:11] [ok → ok] HTTP 200
[2026-03-01 10:27:12] [ok → ok] HTTP 200
[2026-03-01 10:32:14] [ok → ok] HTTP 200
[2026-03-01 10:37:15] [ok → ok] HTTP 200
[2026-03-01 10:42:15] [ok → ok] HTTP 200
[2026-03-01 10:47:16] [ok → ok] HTTP 200
[2026-03-01 10:52:18] [ok → ok] HTTP 200
[2026-03-01 10:57:19] [ok → ok] HTTP 200
[2026-03-01 11:02:35] [ok → network_error] HTTP 000
[2026-03-01 11:07:36] [network_error → ok] HTTP 200
[2026-03-01 11:07:36] Recovery from network_error — restarting gateway
[2026-03-01 11:12:58] [ok → ok] HTTP 200
[2026-03-01 11:17:58] [ok → ok] HTTP 200
[2026-03-01 11:22:59] [ok → ok] HTTP 200
[2026-03-01 11:28:00] [ok → ok] HTTP 200
[2026-03-01 11:33:01] [ok → ok] HTTP 200
[2026-03-01 11:38:07] [ok → ok] HTTP 200
[2026-03-01 11:43:10] [ok → error_529] HTTP 529
[2026-03-01 11:48:14] [error_529 → ok] HTTP 200
[2026-03-01 11:48:14] Recovery from error_529 — restarting gateway
[2026-03-01 11:53:37] [ok → ok] HTTP 200
[2026-03-01 11:58:37] [ok → ok] HTTP 200
[2026-03-01 12:03:38] [ok → ok] HTTP 200
[2026-03-01 12:08:39] [ok → ok] HTTP 200
[2026-03-01 12:13:41] [ok → ok] HTTP 200
[2026-03-01 12:18:41] [ok → ok] HTTP 200
[2026-03-01 12:23:57] [ok → network_error] HTTP 000
[2026-03-01 12:28:57] [network_error → ok] HTTP 200
[2026-03-01 12:28:57] Recovery from network_error — restarting gateway
[2026-03-01 12:34:21] [ok → ok] HTTP 200
[2026-03-01 12:39:21] [ok → ok] HTTP 200
[2026-03-01 12:44:22] [ok → ok] HTTP 200
[2026-03-01 12:49:24] [ok → ok] HTTP 200
[2026-03-01 12:54:25] [ok → ok] HTTP 200
[2026-03-01 13:31:28] [ok → ok] HTTP 200
[2026-03-01 13:36:29] [ok → ok] HTTP 200
[2026-03-01 13:41:29] [ok → ok] HTTP 200
[2026-03-01 13:46:30] [ok → ok] HTTP 200
[2026-03-01 13:51:31] [ok → ok] HTTP 200
[2026-03-01 13:56:31] [ok → ok] HTTP 200
[2026-03-01 14:01:32] [ok → ok] HTTP 200
[2026-03-01 14:06:33] [ok → ok] HTTP 200
[2026-03-01 14:11:34] [ok → ok] HTTP 200
[2026-03-01 14:16:35] [ok → ok] HTTP 200
[2026-03-01 15:48:02] [ok → ok] HTTP 200
[2026-03-01 15:53:03] [ok → ok] HTTP 200
[2026-03-01 15:58:04] [ok → ok] HTTP 200
[2026-03-01 16:03:04] [ok → ok] HTTP 200
[2026-03-01 16:08:05] [ok → ok] HTTP 200
[2026-03-01 16:13:06] [ok → ok] HTTP 200
[2026-03-01 16:18:07] [ok → ok] HTTP 200
[2026-03-01 16:23:08] [ok → ok] HTTP 200
[2026-03-01 16:28:09] [ok → ok] HTTP 200
[2026-03-01 16:33:10] [ok → ok] HTTP 200
[2026-03-01 16:38:11] [ok → ok] HTTP 200
[2026-03-01 16:43:12] [ok → ok] HTTP 200
[2026-03-01 16:48:13] [ok → ok] HTTP 200
[2026-03-01 16:53:14] [ok → ok] HTTP 200
[2026-03-01 16:58:15] [ok → ok] HTTP 200
[2026-03-01 17:03:16] [ok → ok] HTTP 200
[2026-03-01 17:08:17] [ok → ok] HTTP 200
[2026-03-01 17:13:18] [ok → ok] HTTP 200
[2026-03-01 17:18:19] [ok → ok] HTTP 200
[2026-03-01 17:23:20] [ok → ok] HTTP 200
[2026-03-01 17:28:21] [ok → ok] HTTP 200
[2026-03-01 17:33:36] [ok → network_error] HTTP 000
[2026-03-01 17:38:51] [network_error → network_error] HTTP 000
[2026-03-01 17:44:06] [network_error → network_error] HTTP 000
[2026-03-01 17:49:07] [network_error → ok] HTTP 200
[2026-03-01 17:49:07] Recovery from network_error — restarting gateway
[2026-03-01 17:54:30] [ok → ok] HTTP 200
[2026-03-01 17:59:31] [ok → ok] HTTP 200
[2026-03-01 18:04:32] [ok → ok] HTTP 200
[2026-03-01 18:09:33] [ok → ok] HTTP 200
[2026-03-01 18:14:34] [ok → ok] HTTP 200
[2026-03-01 18:19:35] [ok → ok] HTTP 200
[2026-03-01 18:24:37] [ok → ok] HTTP 200
[2026-03-01 18:29:52] [ok → network_error] HTTP 000
[2026-03-01 18:35:07] [network_error → network_error] HTTP 000
[2026-03-01 18:40:22] [network_error → network_error] HTTP 000
[2026-03-01 18:45:22] [network_error → network_error] HTTP 000
[2026-03-01 18:50:22] [network_error → network_error] HTTP 000
[2026-03-01 18:55:24] [network_error → ok] HTTP 200
[2026-03-01 18:55:24] Recovery from network_error — restarting gateway
[2026-03-01 19:00:52] [ok → ok] HTTP 200
[2026-03-01 19:05:54] [ok → ok] HTTP 200
[2026-03-01 19:10:55] [ok → ok] HTTP 200
[2026-03-01 19:15:56] [ok → ok] HTTP 200
[2026-03-01 19:20:58] [ok → ok] HTTP 200
[2026-03-01 19:26:00] [ok → ok] HTTP 200
[2026-03-01 19:31:01] [ok → ok] HTTP 200
[2026-03-01 19:36:02] [ok → ok] HTTP 200
[2026-03-01 19:41:04] [ok → ok] HTTP 200
[2026-03-01 19:46:05] [ok → ok] HTTP 200
[2026-03-01 19:51:07] [ok → ok] HTTP 200
[2026-03-01 22:01:16] [ok → ok] HTTP 200
[2026-03-01 22:06:17] [ok → ok] HTTP 200
[2026-03-01 22:11:19] [ok → ok] HTTP 200
[2026-03-01 22:16:19] [ok → ok] HTTP 200
[2026-03-01 22:21:20] [ok → ok] HTTP 200
[2026-03-01 22:26:21] [ok → ok] HTTP 200
[2026-03-01 22:31:22] [ok → ok] HTTP 200
[2026-03-01 22:36:23] [ok → ok] HTTP 200
[2026-03-01 22:41:23] [ok → ok] HTTP 200
[2026-03-01 22:46:24] [ok → ok] HTTP 200
[2026-03-01 22:51:25] [ok → ok] HTTP 200
[2026-03-01 22:56:26] [ok → ok] HTTP 200
[2026-03-01 23:01:27] [ok → ok] HTTP 200
[2026-03-01 23:06:27] [ok → ok] HTTP 200
[2026-03-01 23:11:28] [ok → ok] HTTP 200
[2026-03-01 23:16:29] [ok → ok] HTTP 200
[2026-03-01 23:21:30] [ok → ok] HTTP 200
[2026-03-01 23:26:30] [ok → ok] HTTP 200
[2026-03-01 23:31:31] [ok → ok] HTTP 200
[2026-03-02 00:38:01] [ok → ok] HTTP 200
[2026-03-02 00:43:02] [ok → ok] HTTP 200
[2026-03-02 00:48:03] [ok → ok] HTTP 200
[2026-03-02 00:53:04] [ok → ok] HTTP 200
[2026-03-02 00:58:05] [ok → ok] HTTP 200
[2026-03-02 01:03:06] [ok → ok] HTTP 200
[2026-03-02 01:08:06] [ok → ok] HTTP 200
[2026-03-02 01:13:08] [ok → ok] HTTP 200
[2026-03-02 01:18:09] [ok → ok] HTTP 200
[2026-03-02 01:23:10] [ok → ok] HTTP 200
[2026-03-02 02:31:00] [ok → ok] HTTP 200
[2026-03-02 02:36:01] [ok → ok] HTTP 200
[2026-03-02 02:41:02] [ok → ok] HTTP 200
[2026-03-02 02:46:02] [ok → ok] HTTP 200
[2026-03-02 02:51:03] [ok → ok] HTTP 200
[2026-03-02 02:56:04] [ok → ok] HTTP 200
[2026-03-02 03:01:04] [ok → ok] HTTP 200
[2026-03-02 03:06:06] [ok → ok] HTTP 200
[2026-03-02 03:11:07] [ok → ok] HTTP 200
[2026-03-02 03:16:08] [ok → ok] HTTP 200
[2026-03-02 03:21:10] [ok → ok] HTTP 200
[2026-03-02 03:26:10] [ok → ok] HTTP 200
[2026-03-02 03:31:11] [ok → ok] HTTP 200
[2026-03-02 03:36:12] [ok → ok] HTTP 200
[2026-03-02 03:41:13] [ok → ok] HTTP 200
[2026-03-02 03:46:14] [ok → ok] HTTP 200
[2026-03-02 03:51:15] [ok → ok] HTTP 200
[2026-03-02 03:56:16] [ok → ok] HTTP 200
[2026-03-02 04:01:17] [ok → ok] HTTP 200
[2026-03-02 04:06:18] [ok → ok] HTTP 200
[2026-03-02 04:11:19] [ok → ok] HTTP 200
[2026-03-02 04:16:20] [ok → ok] HTTP 200
[2026-03-02 04:21:20] [ok → ok] HTTP 200
[2026-03-02 04:26:23] [ok → ok] HTTP 200
[2026-03-02 04:31:24] [ok → ok] HTTP 200
[2026-03-02 04:36:25] [ok → ok] HTTP 200
[2026-03-02 04:41:26] [ok → ok] HTTP 200
[2026-03-02 04:46:26] [ok → ok] HTTP 200
[2026-03-02 04:51:27] [ok → ok] HTTP 200
[2026-03-02 04:56:30] [ok → ok] HTTP 200
[2026-03-02 05:01:33] [ok → ok] HTTP 200
[2026-03-02 05:06:33] [ok → ok] HTTP 200
[2026-03-02 05:11:34] [ok → ok] HTTP 200
[2026-03-02 05:16:35] [ok → ok] HTTP 200
[2026-03-02 05:21:36] [ok → ok] HTTP 200
[2026-03-02 05:26:36] [ok → ok] HTTP 200
[2026-03-02 05:31:37] [ok → ok] HTTP 200
[2026-03-02 05:36:38] [ok → ok] HTTP 200
[2026-03-02 05:41:39] [ok → ok] HTTP 200
[2026-03-02 05:46:40] [ok → ok] HTTP 200
[2026-03-02 05:51:41] [ok → ok] HTTP 200
[2026-03-02 05:56:42] [ok → ok] HTTP 200
[2026-03-02 06:01:42] [ok → ok] HTTP 200
[2026-03-02 06:06:43] [ok → ok] HTTP 200
[2026-03-02 06:11:44] [ok → ok] HTTP 200
[2026-03-02 06:16:44] [ok → ok] HTTP 200
[2026-03-02 06:21:45] [ok → ok] HTTP 200
[2026-03-02 06:26:46] [ok → error_529] HTTP 529
[2026-03-02 06:31:47] [error_529 → ok] HTTP 200
[2026-03-02 06:31:47] Recovery from error_529 — restarting gateway
[2026-03-02 06:37:08] [ok → ok] HTTP 200
[2026-03-02 06:42:09] [ok → ok] HTTP 200
[2026-03-02 06:47:16] [ok → ok] HTTP 200
[2026-03-02 06:52:17] [ok → ok] HTTP 200
[2026-03-02 06:57:18] [ok → ok] HTTP 200
[2026-03-02 07:02:19] [ok → ok] HTTP 200
[2026-03-02 07:07:19] [ok → ok] HTTP 200
[2026-03-02 07:12:20] [ok → ok] HTTP 200
[2026-03-02 07:17:21] [ok → ok] HTTP 200
[2026-03-02 07:22:22] [ok → ok] HTTP 200
[2026-03-02 07:27:23] [ok → ok] HTTP 200
[2026-03-02 07:32:24] [ok → ok] HTTP 200
[2026-03-02 07:37:24] [ok → ok] HTTP 200
[2026-03-02 07:42:25] [ok → ok] HTTP 200
[2026-03-02 07:47:26] [ok → ok] HTTP 200
[2026-03-02 07:52:27] [ok → ok] HTTP 200
[2026-03-02 07:57:28] [ok → ok] HTTP 200
[2026-03-02 08:02:29] [ok → ok] HTTP 200
[2026-03-02 08:07:30] [ok → ok] HTTP 200
[2026-03-02 08:12:31] [ok → ok] HTTP 200
[2026-03-02 08:17:32] [ok → ok] HTTP 200
[2026-03-02 08:22:33] [ok → ok] HTTP 200
[2026-03-02 08:27:34] [ok → ok] HTTP 200
[2026-03-02 08:32:35] [ok → ok] HTTP 200
[2026-03-02 08:37:37] [ok → ok] HTTP 200
[2026-03-02 08:42:37] [ok → ok] HTTP 200
[2026-03-02 08:47:38] [ok → ok] HTTP 200
[2026-03-02 08:52:39] [ok → ok] HTTP 200
[2026-03-02 08:57:40] [ok → ok] HTTP 200
[2026-03-02 09:02:41] [ok → ok] HTTP 200
[2026-03-02 09:07:42] [ok → ok] HTTP 200
[2026-03-02 09:12:43] [ok → ok] HTTP 200
[2026-03-02 09:17:44] [ok → ok] HTTP 200
[2026-03-02 09:22:44] [ok → ok] HTTP 200
[2026-03-02 09:27:45] [ok → ok] HTTP 200
[2026-03-02 09:32:46] [ok → ok] HTTP 200
[2026-03-02 09:37:46] [ok → ok] HTTP 200
[2026-03-02 09:42:47] [ok → ok] HTTP 200
[2026-03-02 09:47:48] [ok → ok] HTTP 200
[2026-03-02 09:52:49] [ok → ok] HTTP 200
[2026-03-02 09:57:50] [ok → ok] HTTP 200
[2026-03-02 10:02:50] [ok → ok] HTTP 200
[2026-03-02 10:07:51] [ok → ok] HTTP 200
[2026-03-02 10:12:52] [ok → ok] HTTP 200
[2026-03-02 10:17:53] [ok → ok] HTTP 200
[2026-03-02 10:22:54] [ok → ok] HTTP 200
[2026-03-02 10:27:54] [ok → ok] HTTP 200
[2026-03-02 10:32:55] [ok → ok] HTTP 200
[2026-03-02 10:38:09] [ok → ok] HTTP 200
[2026-03-02 10:43:10] [ok → ok] HTTP 200
[2026-03-02 10:48:10] [ok → ok] HTTP 200
[2026-03-02 10:53:11] [ok → ok] HTTP 200
[2026-03-02 10:58:26] [ok → network_error] HTTP 000
[2026-03-02 11:03:27] [network_error → ok] HTTP 200
[2026-03-02 11:03:27] Recovery from network_error — restarting gateway
[2026-03-02 11:09:07] [ok → network_error] HTTP 000
[2026-03-02 11:14:10] [network_error → ok] HTTP 200
[2026-03-02 11:14:10] Recovery from network_error — restarting gateway
[2026-03-02 11:19:32] [ok → ok] HTTP 200
[2026-03-02 11:24:33] [ok → ok] HTTP 200
[2026-03-02 11:29:34] [ok → ok] HTTP 200
[2026-03-02 11:34:35] [ok → ok] HTTP 200
[2026-03-02 11:39:36] [ok → ok] HTTP 200
[2026-03-02 11:44:36] [ok → ok] HTTP 200
[2026-03-02 11:49:37] [ok → ok] HTTP 200
[2026-03-02 11:54:38] [ok → ok] HTTP 200
[2026-03-02 11:59:39] [ok → ok] HTTP 200
[2026-03-02 12:04:40] [ok → ok] HTTP 200
[2026-03-02 12:09:41] [ok → ok] HTTP 200
[2026-03-02 12:14:42] [ok → ok] HTTP 200
[2026-03-02 12:19:43] [ok → ok] HTTP 200
[2026-03-02 12:24:44] [ok → ok] HTTP 200
[2026-03-02 12:29:44] [ok → ok] HTTP 200
[2026-03-02 12:34:47] [ok → ok] HTTP 200
[2026-03-02 13:27:34] [ok → ok] HTTP 200
[2026-03-02 13:32:35] [ok → ok] HTTP 200
[2026-03-02 14:37:35] [ok → ok] HTTP 200
[2026-03-02 14:42:36] [ok → ok] HTTP 200
[2026-03-02 14:47:37] [ok → ok] HTTP 200
[2026-03-02 14:52:38] [ok → ok] HTTP 200
[2026-03-02 14:57:39] [ok → ok] HTTP 200
[2026-03-02 15:02:39] [ok → ok] HTTP 200
[2026-03-02 15:07:40] [ok → ok] HTTP 200
[2026-03-02 15:12:41] [ok → ok] HTTP 200
[2026-03-02 15:17:42] [ok → ok] HTTP 200
[2026-03-02 15:22:44] [ok → ok] HTTP 200
[2026-03-02 15:27:45] [ok → ok] HTTP 200
[2026-03-02 15:32:46] [ok → ok] HTTP 200
[2026-03-02 15:37:46] [ok → ok] HTTP 200
[2026-03-02 15:42:47] [ok → ok] HTTP 200
[2026-03-02 15:47:48] [ok → ok] HTTP 200
[2026-03-02 15:52:49] [ok → ok] HTTP 200
[2026-03-02 15:57:50] [ok → ok] HTTP 200
[2026-03-02 16:02:51] [ok → ok] HTTP 200
[2026-03-02 16:07:51] [ok → ok] HTTP 200
[2026-03-02 16:12:52] [ok → ok] HTTP 200
[2026-03-02 16:17:53] [ok → ok] HTTP 200
[2026-03-02 16:22:53] [ok → ok] HTTP 200
[2026-03-02 16:27:54] [ok → ok] HTTP 200
[2026-03-02 16:32:55] [ok → ok] HTTP 200
[2026-03-02 16:56:01] [ok → ok] HTTP 200
[2026-03-02 17:01:40] [ok → ok] HTTP 200
[2026-03-02 17:06:42] [ok → ok] HTTP 200
[2026-03-02 17:11:42] [ok → ok] HTTP 200
[2026-03-02 17:16:44] [ok → ok] HTTP 200
[2026-03-02 17:32:17] [ok → ok] HTTP 200
[2026-03-02 17:37:18] [ok → ok] HTTP 200
[2026-03-02 17:42:18] [ok → network_error] HTTP 000
[2026-03-02 17:47:18] [network_error → network_error] HTTP 000
[2026-03-02 17:52:18] [network_error → network_error] HTTP 000
[2026-03-02 17:57:18] [network_error → network_error] HTTP 000
[2026-03-02 18:02:18] [network_error → network_error] HTTP 000
[2026-03-02 18:07:18] [network_error → network_error] HTTP 000
[2026-03-02 18:12:19] [network_error → network_error] HTTP 000
[2026-03-02 18:17:19] [network_error → network_error] HTTP 000
[2026-03-02 18:22:19] [network_error → network_error] HTTP 000
[2026-03-02 18:50:44] [network_error → network_error] HTTP 000
[2026-03-02 18:55:46] [network_error → ok] HTTP 200
[2026-03-02 18:55:46] Recovery from network_error — restarting gateway
[2026-03-02 19:00:57] [ok → ok] HTTP 200
[2026-03-02 19:06:12] [ok → network_error] HTTP 000
[2026-03-02 19:11:12] [network_error → network_error] HTTP 000
[2026-03-02 19:16:15] [network_error → ok] HTTP 200
[2026-03-02 19:16:15] Recovery from network_error — restarting gateway
[2026-03-02 19:21:28] [ok → ok] HTTP 200
[2026-03-02 19:26:29] [ok → ok] HTTP 200
[2026-03-02 19:31:44] [ok → network_error] HTTP 000
[2026-03-02 19:36:45] [network_error → ok] HTTP 200
[2026-03-02 19:36:45] Recovery from network_error — restarting gateway
[2026-03-02 19:41:56] [ok → ok] HTTP 200
[2026-03-02 19:46:57] [ok → ok] HTTP 200
[2026-03-02 19:51:58] [ok → ok] HTTP 200
[2026-03-02 19:56:59] [ok → ok] HTTP 200
[2026-03-02 20:02:05] [ok → ok] HTTP 200
[2026-03-02 20:07:05] [ok → network_error] HTTP 000
[2026-03-02 20:12:05] [network_error → network_error] HTTP 000
[2026-03-02 20:17:05] [network_error → network_error] HTTP 000
[2026-03-02 20:22:06] [network_error → network_error] HTTP 000
[2026-03-02 20:27:06] [network_error → network_error] HTTP 000
[2026-03-02 20:32:06] [network_error → network_error] HTTP 000
[2026-03-02 20:37:06] [network_error → network_error] HTTP 000
[2026-03-02 20:42:06] [network_error → network_error] HTTP 000
[2026-03-02 20:47:06] [network_error → network_error] HTTP 000
[2026-03-02 20:52:06] [network_error → network_error] HTTP 000
[2026-03-02 20:57:06] [network_error → network_error] HTTP 000
[2026-03-02 21:14:29] [network_error → network_error] HTTP 000
[2026-03-02 21:19:29] [network_error → network_error] HTTP 000
[2026-03-02 21:24:33] [network_error → ok] HTTP 200
[2026-03-02 21:24:33] Recovery from network_error — restarting gateway
[2026-03-02 21:29:43] [ok → ok] HTTP 200
[2026-03-02 21:34:48] [ok → ok] HTTP 200
[2026-03-02 21:39:49] [ok → ok] HTTP 200
[2026-03-02 21:44:50] [ok → ok] HTTP 200
[2026-03-02 21:49:51] [ok → ok] HTTP 200
[2026-03-02 21:54:53] [ok → ok] HTTP 200
[2026-03-02 21:59:55] [ok → ok] HTTP 200
[2026-03-02 22:04:57] [ok → ok] HTTP 200
[2026-03-02 22:09:58] [ok → ok] HTTP 200
[2026-03-02 22:14:59] [ok → ok] HTTP 200
[2026-03-02 22:20:01] [ok → ok] HTTP 200
[2026-03-02 22:25:09] [ok → ok] HTTP 200
[2026-03-02 22:30:10] [ok → ok] HTTP 200
[2026-03-02 22:35:11] [ok → ok] HTTP 200
[2026-03-02 22:40:12] [ok → ok] HTTP 200
[2026-03-02 22:45:14] [ok → ok] HTTP 200
[2026-03-02 22:50:16] [ok → ok] HTTP 200
[2026-03-02 22:55:22] [ok → ok] HTTP 200
[2026-03-02 23:00:23] [ok → ok] HTTP 200
[2026-03-02 23:05:25] [ok → ok] HTTP 200
[2026-03-02 23:10:27] [ok → ok] HTTP 200
[2026-03-02 23:15:29] [ok → ok] HTTP 200
[2026-03-02 23:20:30] [ok → ok] HTTP 200
[2026-03-02 23:25:45] [ok → network_error] HTTP 000
[2026-03-02 23:30:46] [network_error → ok] HTTP 200
[2026-03-02 23:30:46] Recovery from network_error — restarting gateway
[2026-03-02 23:35:57] [ok → ok] HTTP 200
[2026-03-02 23:41:00] [ok → ok] HTTP 200
[2026-03-02 23:46:02] [ok → ok] HTTP 200
[2026-03-02 23:51:03] [ok → ok] HTTP 200
[2026-03-02 23:56:05] [ok → ok] HTTP 200
[2026-03-03 00:01:06] [ok → ok] HTTP 200
[2026-03-03 00:06:08] [ok → ok] HTTP 200
[2026-03-03 00:11:09] [ok → ok] HTTP 200
[2026-03-03 00:16:10] [ok → ok] HTTP 200
